TN:
SF:/home/brett/Projects/BrettMayson/hemtt/bin/src/commands/build.rs
FN:11,cli
FN:22,add_args
FN:38,add_just
FN:51,pre_execute
FN:55,{closure#0}
FN:68,{closure#1}
FN:85,execute
FNF:7
FNDA:1,cli
FNDA:1,add_args
FNDA:1,add_just
FNDA:1,pre_execute
FNDA:0,{closure#0}
FNDA:0,{closure#1}
FNDA:1,execute
DA:11,1
DA:12,1
DA:13,1
DA:22,1
DA:23,3
DA:24,3
DA:27,1
DA:30,3
DA:33,1
DA:38,1
DA:39,2
DA:40,3
DA:43,1
DA:51,1
DA:52,1
DA:55,0
DA:58,2
DA:60,3
DA:61,1
DA:63,0
DA:64,0
DA:67,2
DA:68,0
DA:70,1
DA:72,3
DA:74,2
DA:75,0
DA:78,1
DA:85,1
DA:86,1
DA:88,1
DA:89,1
DA:90,1
DA:92,1
DA:93,1
DA:94,1
DA:96,1
DA:98,7
DA:100,1
DA:101,1
DA:102,2
DA:104,1
LF:42
LH:37
end_of_record
TN:
SF:/home/brett/Projects/BrettMayson/hemtt/bin/src/commands/dev.rs
FN:14,cli
FN:23,add_args
FN:51,execute
FN:62,{closure#0}
FN:75,{closure#1}
FN:79,{closure#0}
FN:92,{closure#1}
FNF:7
FNDA:1,cli
FNDA:1,add_args
FNDA:1,execute
FNDA:0,{closure#0}
FNDA:2,{closure#1}
FNDA:1,{closure#0}
FNDA:1,{closure#1}
DA:14,1
DA:15,1
DA:16,1
DA:23,1
DA:24,4
DA:25,3
DA:29,1
DA:32,3
DA:36,1
DA:39,3
DA:43,1
DA:51,1
DA:52,1
DA:53,1
DA:59,2
DA:62,0
DA:66,2
DA:68,3
DA:69,1
DA:71,0
DA:72,0
DA:75,2
DA:76,1
DA:77,0
DA:79,1
DA:80,0
DA:82,1
DA:84,0
DA:85,0
DA:87,2
DA:92,1
DA:95,2
DA:96,0
DA:97,0
DA:98,0
DA:103,1
DA:105,1
DA:107,1
DA:108,1
DA:109,1
DA:110,1
DA:111,1
DA:112,1
DA:113,0
DA:116,3
DA:118,2
DA:119,2
DA:120,3
DA:122,2
DA:123,0
DA:126,1
LF:51
LH:39
end_of_record
TN:
SF:/home/brett/Projects/BrettMayson/hemtt/bin/src/commands/launch.rs
FN:19,cli
FN:50,execute
FN:60,{closure#0}
FN:188,{closure#3}
FN:193,{closure#4}
FN:234,read_preset
FN:269,linux_launch
FNF:7
FNDA:1,cli
FNDA:0,execute
FNDA:0,{closure#0}
FNDA:0,{closure#3}
FNDA:0,{closure#4}
FNDA:2,read_preset
FNDA:0,linux_launch
DA:19,1
DA:21,4
DA:23,1
DA:25,2
DA:30,2
DA:35,2
DA:50,0
DA:51,0
DA:52,0
DA:53,0
DA:58,0
DA:60,0
DA:61,0
DA:63,0
DA:64,0
DA:65,0
DA:67,0
DA:69,0
DA:71,0
DA:73,0
DA:74,0
DA:76,0
DA:79,0
DA:81,0
DA:83,0
DA:84,0
DA:85,0
DA:86,0
DA:87,0
DA:89,0
DA:93,0
DA:94,0
DA:95,0
DA:96,0
DA:97,0
DA:98,0
DA:99,0
DA:103,0
DA:104,0
DA:106,0
DA:107,0
DA:108,0
DA:110,0
DA:112,0
DA:113,0
DA:115,0
DA:116,0
DA:117,0
DA:118,0
DA:119,0
DA:122,0
DA:123,0
DA:124,0
DA:130,0
DA:131,0
DA:132,0
DA:134,0
DA:135,0
DA:137,0
DA:138,0
DA:139,0
DA:141,0
DA:142,0
DA:143,0
DA:149,0
DA:150,0
DA:151,0
DA:153,0
DA:157,0
DA:158,0
DA:161,0
DA:163,0
DA:164,0
DA:165,0
DA:168,0
DA:169,0
DA:170,0
DA:173,0
DA:183,0
DA:184,0
DA:185,0
DA:188,0
DA:191,0
DA:192,0
DA:193,0
DA:199,0
DA:201,0
DA:202,0
DA:204,0
DA:205,0
DA:206,0
DA:207,0
DA:208,0
DA:209,0
DA:211,0
DA:213,0
DA:214,0
DA:217,0
DA:219,0
DA:221,0
DA:224,0
DA:227,0
DA:234,2
DA:235,2
DA:236,2
DA:241,9
DA:242,4
DA:243,0
DA:245,4
DA:246,2
DA:249,1
DA:251,4
DA:252,2
DA:253,0
DA:259,2
DA:260,0
DA:262,3
DA:263,2
DA:266,1
DA:269,0
DA:271,0
DA:275,0
DA:276,0
DA:277,0
DA:278,0
DA:279,0
DA:280,0
DA:284,0
DA:285,0
DA:286,0
DA:287,0
DA:291,0
DA:298,0
DA:299,0
DA:302,0
DA:303,0
DA:307,0
LF:137
LH:20
end_of_record
TN:
SF:/home/brett/Projects/BrettMayson/hemtt/bin/src/commands/new.rs
FN:13,cli
FN:28,execute
FNF:2
FNDA:1,cli
FNDA:0,execute
DA:13,1
DA:14,2
DA:15,2
DA:28,0
DA:29,0
DA:30,0
DA:33,0
DA:36,0
DA:37,0
DA:38,0
DA:41,0
DA:42,0
DA:44,0
DA:45,0
DA:47,0
DA:48,0
DA:50,0
DA:55,0
DA:57,0
DA:58,0
DA:60,0
DA:63,0
DA:64,0
DA:65,0
DA:66,0
DA:67,0
DA:72,0
DA:73,0
DA:76,0
DA:77,0
DA:78,0
DA:81,0
LF:32
LH:3
end_of_record
TN:
SF:/home/brett/Projects/BrettMayson/hemtt/bin/src/commands/release.rs
FN:8,cli
FN:32,execute
FNF:2
FNDA:1,cli
FNDA:1,execute
DA:8,1
DA:10,1
DA:15,3
DA:18,1
DA:21,3
DA:24,1
DA:32,1
DA:34,1
DA:36,1
DA:38,1
DA:40,3
DA:41,2
DA:44,2
DA:45,0
DA:47,2
DA:50,1
DA:52,3
DA:54,1
LF:18
LH:17
end_of_record
TN:
SF:/home/brett/Projects/BrettMayson/hemtt/bin/src/commands/script.rs
FN:7,cli
FN:20,add_args
FN:44,execute
FN:57,{closure#0}
FN:68,{closure#0}
FNF:5
FNDA:1,cli
FNDA:1,add_args
FNDA:1,execute
FNDA:2,{closure#0}
FNDA:1,{closure#0}
DA:7,1
DA:9,2
DA:11,1
DA:12,2
DA:20,1
DA:21,3
DA:22,3
DA:26,1
DA:29,3
DA:33,1
DA:44,1
DA:45,1
DA:46,1
DA:53,2
DA:55,1
DA:57,2
DA:58,1
DA:60,0
DA:61,0
DA:63,2
DA:68,1
DA:71,2
DA:72,0
DA:73,0
DA:74,0
DA:79,1
DA:82,2
DA:84,1
LF:28
LH:23
end_of_record
TN:
SF:/home/brett/Projects/BrettMayson/hemtt/bin/src/commands/utils.rs
FN:6,cli
FN:21,execute
FNF:2
FNDA:1,cli
FNDA:0,execute
DA:6,1
DA:7,5
DA:11,2
DA:12,2
DA:13,2
DA:14,2
DA:21,0
DA:22,0
DA:23,0
DA:24,0
DA:25,0
DA:26,0
LF:12
LH:6
end_of_record
TN:
SF:/home/brett/Projects/BrettMayson/hemtt/bin/src/context.rs
FNF:0
DA:45,1
DA:50,1
DA:51,2
DA:52,1
DA:53,0
DA:55,2
DA:57,2
DA:58,2
DA:60,2
DA:61,2
DA:63,1
DA:66,3
DA:71,1
DA:73,6
DA:74,2
DA:75,6
DA:76,2
DA:77,6
DA:78,2
DA:79,2
DA:80,1
DA:81,6
DA:82,3
DA:83,1
DA:85,3
DA:87,2
DA:89,0
DA:91,2
DA:92,2
DA:93,0
DA:95,2
DA:98,2
DA:99,1
DA:100,0
DA:101,0
DA:102,0
DA:104,6
DA:106,1
DA:107,1
DA:108,1
DA:109,1
DA:110,2
DA:111,1
DA:112,1
DA:113,1
DA:114,1
DA:115,1
DA:120,2
DA:124,2
DA:126,4
DA:136,1
DA:141,1
DA:142,1
DA:146,1
DA:147,1
DA:151,0
DA:152,0
DA:156,1
DA:157,1
DA:162,1
DA:163,1
DA:168,1
DA:169,1
DA:174,1
DA:175,1
DA:180,1
DA:181,1
DA:186,1
DA:187,1
LF:69
LH:61
end_of_record
TN:
SF:/home/brett/Projects/BrettMayson/hemtt/bin/src/error.rs
FN:91,from
FN:97,from
FNF:2
FNDA:0,from
FNDA:0,from
DA:91,0
DA:92,0
DA:97,0
DA:98,0
LF:4
LH:0
end_of_record
TN:
SF:/home/brett/Projects/BrettMayson/hemtt/bin/src/executor.rs
FN:119,setup_tmp
FNF:1
FNDA:1,setup_tmp
DA:19,1
DA:22,1
DA:27,1
DA:28,1
DA:31,1
DA:32,1
DA:39,1
DA:40,6
DA:41,1
DA:42,3
DA:43,8
DA:44,2
DA:45,8
DA:47,7
DA:48,1
DA:55,1
DA:56,6
DA:57,3
DA:58,8
DA:59,2
DA:60,8
DA:62,7
DA:63,1
DA:70,1
DA:71,6
DA:72,3
DA:73,8
DA:74,1
DA:75,8
DA:77,7
DA:78,7
DA:79,1
DA:80,7
DA:81,7
DA:82,3
DA:83,8
DA:84,2
DA:85,8
DA:87,7
DA:88,1
DA:95,1
DA:96,6
DA:97,3
DA:98,6
DA:99,1
DA:100,7
DA:102,6
DA:103,6
DA:104,1
DA:105,1
DA:107,6
DA:108,6
DA:109,3
DA:110,7
DA:111,2
DA:112,7
DA:114,6
DA:115,1
DA:119,1
DA:120,1
DA:121,1
DA:123,1
DA:124,1
DA:125,2
DA:126,3
DA:127,2
DA:128,2
DA:129,3
DA:130,2
DA:136,1
DA:139,2
DA:140,1
DA:141,2
DA:142,1
DA:145,2
DA:146,2
DA:147,0
DA:149,0
DA:152,6
DA:153,2
DA:155,1
DA:156,2
DA:157,1
DA:159,0
DA:160,0
DA:161,0
DA:162,0
DA:163,0
DA:164,0
DA:165,0
DA:166,0
DA:167,0
DA:168,1
DA:173,0
LF:94
LH:82
end_of_record
TN:
SF:/home/brett/Projects/BrettMayson/hemtt/bin/src/lib.rs
FN:18,cli
FN:75,execute
FN:137,is_ci
FNF:3
FNDA:1,cli
FNDA:1,execute
FNDA:1,is_ci
DA:18,1
DA:20,10
DA:25,2
DA:26,2
DA:27,2
DA:28,2
DA:29,2
DA:30,2
DA:31,2
DA:33,3
DA:36,1
DA:41,3
DA:44,1
DA:49,4
DA:51,3
DA:54,1
DA:58,3
DA:61,1
DA:65,1
DA:75,1
DA:76,1
DA:78,1
DA:79,1
DA:82,1
DA:83,0
DA:86,2
DA:87,2
DA:88,0
DA:89,0
DA:91,0
DA:92,0
DA:98,7
DA:99,8
DA:101,8
DA:103,1
DA:104,0
DA:105,0
DA:108,0
DA:111,1
DA:112,1
DA:113,2
DA:114,2
DA:115,1
DA:117,2
DA:118,1
DA:120,2
DA:121,1
DA:123,1
DA:124,0
DA:126,2
DA:127,1
DA:129,0
DA:130,0
DA:137,1
DA:139,1
DA:168,3
DA:169,2
DA:170,0
DA:173,1
LF:59
LH:47
end_of_record
TN:
SF:/home/brett/Projects/BrettMayson/hemtt/bin/src/link.rs
FN:59,create_link
FNF:1
FNDA:1,create_link
DA:59,1
DA:60,1
DA:61,0
DA:65,0
DA:67,8
DA:68,2
DA:69,1
LF:7
LH:5
end_of_record
TN:
SF:/home/brett/Projects/BrettMayson/hemtt/bin/src/logging.rs
FN:15,init
FNF:1
FNDA:1,init
DA:15,1
DA:16,1
DA:21,1
DA:23,1
DA:24,0
DA:26,1
DA:27,1
DA:28,0
DA:29,0
DA:33,2
DA:34,1
DA:35,1
DA:37,2
DA:38,1
DA:43,3
DA:44,2
DA:47,0
DA:48,0
LF:18
LH:13
end_of_record
TN:
SF:/home/brett/Projects/BrettMayson/hemtt/bin/src/main.rs
FN:3,main
FNF:1
FNDA:0,main
DA:3,0
DA:4,0
DA:5,0
DA:6,0
DA:21,0
DA:29,0
DA:30,0
DA:31,0
DA:32,0
DA:33,0
DA:34,0
DA:38,0
DA:39,0
LF:13
LH:0
end_of_record
TN:
SF:/home/brett/Projects/BrettMayson/hemtt/bin/src/modules/archive.rs
FN:15,release
FNF:1
FNDA:1,release
DA:15,1
DA:16,1
DA:17,6
DA:18,2
DA:19,0
DA:21,3
DA:22,2
DA:24,1
DA:26,6
DA:27,2
DA:28,3
DA:29,2
DA:32,2
DA:33,1
DA:34,1
DA:35,1
DA:39,2
DA:42,0
DA:44,2
DA:45,1
DA:47,6
DA:48,2
DA:51,1
DA:52,1
DA:54,0
DA:56,1
DA:57,2
DA:59,6
DA:60,3
DA:61,2
DA:63,1
DA:64,6
DA:65,2
DA:66,1
DA:67,0
DA:69,2
DA:70,1
DA:72,6
DA:73,1
DA:75,1
LF:40
LH:36
end_of_record
TN:
SF:/home/brett/Projects/BrettMayson/hemtt/bin/src/modules/binarize.rs
FN:20,name
FN:41,init
FN:46,pre_build
FN:84,{closure#0}
FN:136,{closure#2}
FN:179,check_signature
FNF:6
FNDA:1,name
FNDA:1,init
FNDA:1,pre_build
FNDA:0,{closure#0}
FNDA:0,{closure#2}
FNDA:0,check_signature
DA:20,1
DA:41,1
DA:42,1
DA:46,1
DA:47,1
DA:49,0
DA:51,7
DA:53,1
DA:56,0
DA:58,0
DA:59,0
DA:60,0
DA:61,0
DA:62,0
DA:63,0
DA:64,0
DA:68,0
DA:70,0
DA:75,0
DA:76,0
DA:77,0
DA:79,0
DA:80,0
DA:84,0
DA:87,0
DA:88,0
DA:89,0
DA:91,0
DA:95,0
DA:101,0
DA:102,0
DA:103,0
DA:104,0
DA:106,0
DA:111,0
DA:112,0
DA:115,0
DA:117,0
DA:120,0
DA:122,0
DA:123,0
DA:127,0
DA:129,0
DA:130,0
DA:136,0
DA:137,0
DA:138,0
DA:139,0
DA:140,0
DA:141,0
DA:146,0
DA:147,0
DA:148,0
DA:150,0
DA:151,0
DA:152,0
DA:153,0
DA:154,0
DA:156,0
DA:158,0
DA:159,0
DA:164,0
DA:167,0
DA:168,0
DA:179,0
DA:181,0
DA:183,0
DA:185,0
LF:68
LH:7
end_of_record
TN:
SF:/home/brett/Projects/BrettMayson/hemtt/bin/src/modules/file_patching.rs
FN:13,name
FN:17,pre_build
FN:21,{closure#0}
FN:36,post_build
FNF:4
FNDA:0,name
FNDA:1,pre_build
FNDA:2,{closure#0}
FNDA:1,post_build
DA:13,0
DA:17,1
DA:18,1
DA:19,2
DA:21,2
DA:22,1
DA:23,2
DA:25,1
DA:26,3
DA:27,0
DA:29,2
DA:36,1
DA:37,3
DA:40,1
LF:14
LH:12
end_of_record
TN:
SF:/home/brett/Projects/BrettMayson/hemtt/bin/src/modules/files.rs
FN:11,name
FN:15,post_build
FN:38,{closure#0}
FNF:3
FNDA:1,name
FNDA:1,post_build
FNDA:3,{closure#0}
DA:11,1
DA:15,1
DA:20,1
DA:21,1
DA:22,2
DA:23,2
DA:25,1
DA:26,2
DA:29,2
DA:32,1
DA:36,2
DA:38,3
DA:43,1
DA:45,2
DA:46,1
DA:47,1
DA:48,2
DA:50,7
DA:51,2
DA:52,1
DA:54,6
DA:55,1
LF:22
LH:22
end_of_record
TN:
SF:/home/brett/Projects/BrettMayson/hemtt/bin/src/modules/hook/libraries/hemtt.rs
FN:30,call
FN:33,version
FN:43,mode
FN:58,is_build
FN:63,is_release
FNF:5
FNDA:30,call
FNDA:0,version
FNDA:0,mode
FNDA:0,is_build
FNDA:0,is_release
DA:20,1
DA:22,1
DA:23,1
DA:24,2
DA:30,30
DA:33,0
DA:34,0
DA:38,3
DA:39,1
DA:43,0
DA:44,0
DA:48,0
DA:49,0
DA:53,0
DA:54,0
DA:58,0
DA:59,0
DA:63,0
DA:64,0
LF:19
LH:7
end_of_record
TN:
SF:/home/brett/Projects/BrettMayson/hemtt/bin/src/modules/hook/libraries/mod.rs
FNF:0
DA:11,1
DA:12,1
DA:13,1
DA:19,1
DA:20,1
DA:26,1
DA:27,1
LF:7
LH:7
end_of_record
TN:
SF:/home/brett/Projects/BrettMayson/hemtt/bin/src/modules/hook/libraries/project.rs
FN:35,rhai_module_generate
FN:45,prefix
FN:50,mainprefix
FN:55,version
FNF:4
FNDA:21,rhai_module_generate
FNDA:3,prefix
FNDA:0,mainprefix
FNDA:0,version
DA:20,1
DA:22,1
DA:23,2
DA:24,2
DA:28,2
DA:35,21
DA:40,0
DA:41,0
DA:45,3
DA:46,1
DA:50,0
DA:51,0
DA:55,0
DA:56,0
LF:14
LH:8
end_of_record
TN:
SF:/home/brett/Projects/BrettMayson/hemtt/bin/src/modules/hook/libraries/rfs/file.rs
FN:14,rhai_module_generate
FN:21,open_file
FN:23,{closure#0}
FN:24,{closure#1}
FN:28,create_file
FN:30,{closure#0}
FN:31,{closure#1}
FN:35,remove_file
FN:46,{closure#0}
FN:47,{closure#1}
FN:56,{closure#0}
FNF:11
FNDA:17,rhai_module_generate
FNDA:0,open_file
FNDA:0,{closure#0}
FNDA:0,{closure#1}
FNDA:0,create_file
FNDA:0,{closure#0}
FNDA:0,{closure#1}
FNDA:0,remove_file
FNDA:0,{closure#0}
FNDA:0,{closure#1}
FNDA:0,{closure#0}
DA:14,17
DA:21,0
DA:22,0
DA:23,0
DA:24,0
DA:28,0
DA:29,0
DA:30,0
DA:31,0
DA:35,0
DA:36,0
DA:41,0
DA:42,0
DA:43,0
DA:46,0
DA:47,0
DA:52,0
DA:53,0
DA:56,0
LF:19
LH:1
end_of_record
TN:
SF:/home/brett/Projects/BrettMayson/hemtt/bin/src/modules/hook/libraries/rfs/path.rs
FN:8,rhai_module_generate
FN:18,exists
FN:28,is_file
FN:43,to_string
FN:57,_move
FN:66,list
FNF:6
FNDA:90,rhai_module_generate
FNDA:3,exists
FNDA:3,is_file
FNDA:3,to_string
FNDA:4,_move
FNDA:3,list
DA:8,90
DA:13,4
DA:14,1
DA:18,3
DA:19,1
DA:23,3
DA:24,1
DA:28,3
DA:29,1
DA:33,0
DA:34,0
DA:38,3
DA:39,1
DA:43,3
DA:44,2
DA:48,0
DA:49,0
DA:50,0
DA:52,0
DA:57,4
DA:58,2
DA:59,0
DA:61,3
DA:66,3
DA:67,1
DA:68,2
DA:69,1
DA:70,1
DA:71,2
DA:74,1
LF:30
LH:23
end_of_record
TN:
SF:/home/brett/Projects/BrettMayson/hemtt/bin/src/modules/hook/libraries/version.rs
FN:7,call
FN:17,to_string_short
FN:27,major
FN:32,minor
FN:37,patch
FN:42,build
FNF:6
FNDA:20,call
FNDA:0,to_string_short
FNDA:0,major
FNDA:0,minor
FNDA:0,patch
FNDA:0,build
DA:7,20
DA:12,0
DA:13,0
DA:17,0
DA:18,0
DA:20,0
DA:21,0
DA:22,0
DA:27,0
DA:28,0
DA:32,0
DA:33,0
DA:37,0
DA:38,0
DA:42,0
DA:43,0
LF:16
LH:1
end_of_record
TN:
SF:/home/brett/Projects/BrettMayson/hemtt/bin/src/modules/hook/libraries/vfs/file.rs
FN:16,call
FN:26,{closure#0}
FN:27,{closure#1}
FN:33,{closure#0}
FN:34,{closure#1}
FN:39,{closure#0}
FN:43,read
FN:49,{closure#1}
FN:53,write
FN:57,{closure#0}
FNF:10
FNDA:17,call
FNDA:0,{closure#0}
FNDA:0,{closure#1}
FNDA:0,{closure#0}
FNDA:0,{closure#1}
FNDA:0,{closure#0}
FNDA:0,read
FNDA:0,{closure#1}
FNDA:0,write
FNDA:0,{closure#0}
DA:16,17
DA:24,0
DA:25,0
DA:26,0
DA:27,0
DA:31,0
DA:32,0
DA:33,0
DA:34,0
DA:38,0
DA:39,0
DA:43,0
DA:44,0
DA:45,0
DA:48,0
DA:49,0
DA:53,0
DA:54,0
DA:57,0
LF:19
LH:1
end_of_record
TN:
SF:/home/brett/Projects/BrettMayson/hemtt/bin/src/modules/hook/libraries/vfs/path.rs
FN:7,call
FN:13,join
FN:18,exists
FN:23,is_dir
FN:28,is_file
FN:29,{closure#0}
FN:38,file_name
FN:49,{closure#0}
FN:51,{closure#1}
FN:55,{closure#2}
FN:58,{closure#3}
FN:63,{closure#0}
FN:65,{closure#1}
FN:69,{closure#2}
FN:72,{closure#3}
FN:78,{closure#0}
FNF:16
FNDA:33,call
FNDA:0,join
FNDA:0,exists
FNDA:0,is_dir
FNDA:0,is_file
FNDA:0,{closure#0}
FNDA:0,file_name
FNDA:0,{closure#0}
FNDA:0,{closure#1}
FNDA:0,{closure#2}
FNDA:0,{closure#3}
FNDA:0,{closure#0}
FNDA:0,{closure#1}
FNDA:0,{closure#2}
FNDA:0,{closure#3}
FNDA:0,{closure#0}
DA:7,33
DA:13,0
DA:14,0
DA:18,0
DA:19,0
DA:23,0
DA:24,0
DA:28,0
DA:29,0
DA:33,0
DA:34,0
DA:38,0
DA:39,0
DA:43,0
DA:44,0
DA:48,0
DA:49,0
DA:50,0
DA:51,0
DA:54,0
DA:55,0
DA:58,0
DA:62,0
DA:63,0
DA:64,0
DA:65,0
DA:68,0
DA:69,0
DA:72,0
DA:76,0
DA:77,0
DA:78,0
DA:79,0
DA:80,0
DA:83,0
LF:35
LH:1
end_of_record
TN:
SF:/home/brett/Projects/BrettMayson/hemtt/bin/src/modules/hook/mod.rs
FN:21,scope
FN:36,engine
FN:53,default
FN:79,{closure#0}
FN:138,{closure#0}
FN:142,{closure#1}
FN:146,{closure#2}
FN:150,{closure#3}
FN:154,{closure#4}
FN:159,{closure#5}
FN:172,name
FN:176,init
FN:196,pre_build
FN:200,post_build
FN:204,pre_release
FN:208,post_release
FNF:16
FNDA:1,scope
FNDA:1,engine
FNDA:1,default
FNDA:0,{closure#0}
FNDA:2,{closure#0}
FNDA:2,{closure#1}
FNDA:1,{closure#2}
FNDA:1,{closure#3}
FNDA:1,{closure#4}
FNDA:1,{closure#5}
FNDA:1,name
FNDA:1,init
FNDA:1,pre_build
FNDA:1,post_build
FNDA:1,pre_release
FNDA:1,post_release
DA:21,1
DA:23,1
DA:24,0
DA:26,2
DA:27,1
DA:28,1
DA:29,1
DA:31,1
DA:33,1
DA:36,1
DA:37,1
DA:38,1
DA:39,2
DA:40,1
DA:42,2
DA:43,1
DA:44,1
DA:45,1
DA:53,1
DA:67,1
DA:68,1
DA:69,1
DA:71,1
DA:72,1
DA:73,6
DA:74,1
DA:76,2
DA:77,3
DA:78,1
DA:79,0
DA:81,1
DA:82,2
DA:83,2
DA:86,6
DA:88,4
DA:91,1
DA:95,1
DA:98,2
DA:100,2
DA:103,1
DA:105,1
DA:117,1
DA:118,1
DA:119,1
DA:120,1
DA:121,0
DA:125,2
DA:126,2
DA:129,1
DA:130,1
DA:133,1
DA:134,1
DA:135,2
DA:136,2
DA:137,1
DA:138,2
DA:139,7
DA:141,1
DA:142,2
DA:143,7
DA:145,1
DA:146,1
DA:147,0
DA:149,1
DA:150,1
DA:151,0
DA:153,1
DA:154,1
DA:155,0
DA:157,1
DA:158,2
DA:159,1
DA:160,0
DA:161,0
DA:163,2
DA:164,2
DA:165,0
DA:167,1
DA:172,1
DA:176,1
DA:177,1
DA:178,1
DA:179,2
DA:180,1
DA:181,2
DA:182,1
DA:185,2
DA:186,2
DA:187,2
DA:191,4
DA:193,1
DA:196,1
DA:197,1
DA:200,1
DA:201,1
DA:204,1
DA:205,1
DA:208,1
DA:209,1
LF:99
LH:90
end_of_record
TN:
SF:/home/brett/Projects/BrettMayson/hemtt/bin/src/modules/hook/time.rs
FN:6,date
FNF:1
FNDA:1,date
DA:6,1
DA:7,1
DA:8,1
DA:9,2
LF:4
LH:4
end_of_record
TN:
SF:/home/brett/Projects/BrettMayson/hemtt/bin/src/modules/mod.rs
FN:31,init<hemtt::modules::rapifier::Rapifier>
FNF:1
FNDA:5,init<hemtt::modules::rapifier::Rapifier>
DA:31,5
DA:32,5
DA:38,6
DA:39,6
DA:45,2
DA:46,2
DA:52,4
DA:53,4
DA:59,4
DA:60,4
DA:66,5
DA:67,5
LF:12
LH:12
end_of_record
TN:
SF:/home/brett/Projects/BrettMayson/hemtt/bin/src/modules/new/license.rs
FNF:0
DA:13,0
DA:14,0
DA:25,0
DA:27,0
DA:31,0
DA:32,0
DA:35,0
DA:36,0
DA:37,0
DA:38,0
DA:39,0
DA:40,0
DA:41,0
DA:42,0
DA:46,0
DA:47,0
DA:49,0
LF:17
LH:0
end_of_record
TN:
SF:/home/brett/Projects/BrettMayson/hemtt/bin/src/modules/pbo.rs
FN:35,build
FN:38,{closure#0}
FN:39,{closure#0}
FN:49,{closure#1}
FN:59,_build
FNF:5
FNDA:1,build
FNDA:3,{closure#0}
FNDA:3,{closure#0}
FNDA:2,{closure#1}
FNDA:1,_build
DA:35,1
DA:36,1
DA:38,3
DA:39,3
DA:40,2
DA:41,1
DA:45,2
DA:46,2
DA:49,2
DA:50,1
DA:51,1
DA:52,1
DA:55,6
DA:56,1
DA:59,1
DA:66,1
DA:67,2
DA:69,1
DA:72,1
DA:73,2
DA:74,2
DA:76,0
DA:77,0
DA:79,0
DA:81,0
DA:83,0
DA:87,2
DA:89,1
DA:90,1
DA:92,2
DA:93,3
DA:95,6
DA:96,2
DA:98,6
DA:100,1
DA:101,1
DA:104,2
DA:105,1
DA:107,2
DA:108,3
DA:109,3
DA:113,2
DA:117,1
DA:118,0
DA:122,2
DA:123,3
DA:124,2
DA:125,2
DA:127,1
DA:134,3
DA:135,1
DA:136,1
DA:137,1
DA:138,1
DA:139,2
DA:144,3
DA:146,1
DA:148,6
DA:149,1
DA:152,1
DA:153,0
DA:155,2
DA:156,2
DA:157,0
DA:160,3
DA:161,1
LF:66
LH:58
end_of_record
TN:
SF:/home/brett/Projects/BrettMayson/hemtt/bin/src/modules/rapifier.rs
FN:29,name
FN:33,pre_build
FN:61,{closure#0}
FN:100,rapify
FN:133,{closure#0}
FN:135,{closure#0}
FN:137,{closure#1}
FN:149,{closure#0}
FN:150,{closure#1}
FN:209,can_rapify
FN:213,{closure#0}
FNF:11
FNDA:1,name
FNDA:1,pre_build
FNDA:1,{closure#0}
FNDA:1,rapify
FNDA:0,{closure#0}
FNDA:0,{closure#0}
FNDA:0,{closure#1}
FNDA:0,{closure#0}
FNDA:0,{closure#1}
FNDA:1,can_rapify
FNDA:2,{closure#0}
DA:29,1
DA:33,1
DA:34,1
DA:39,2
DA:42,2
DA:43,1
DA:44,2
DA:45,2
DA:46,0
DA:47,0
DA:49,2
DA:50,0
DA:53,1
DA:54,1
DA:55,3
DA:56,3
DA:57,1
DA:59,2
DA:61,1
DA:63,0
DA:66,6
DA:67,2
DA:68,1
DA:69,1
DA:70,1
DA:71,0
DA:75,1
DA:78,4
DA:80,3
DA:83,1
DA:85,2
DA:86,0
DA:87,0
DA:88,0
DA:91,3
DA:92,3
DA:94,6
DA:95,1
DA:100,1
DA:101,2
DA:102,1
DA:103,0
DA:104,0
DA:107,1
DA:108,2
DA:109,0
DA:110,0
DA:113,2
DA:114,1
DA:115,0
DA:116,0
DA:117,0
DA:118,0
DA:120,0
DA:123,0
DA:124,0
DA:125,0
DA:126,0
DA:131,2
DA:132,0
DA:133,0
DA:134,0
DA:135,0
DA:137,0
DA:139,0
DA:140,0
DA:141,0
DA:142,0
DA:143,0
DA:147,1
DA:148,0
DA:149,0
DA:150,0
DA:152,0
DA:153,0
DA:154,0
DA:155,0
DA:156,0
DA:160,1
DA:161,0
DA:162,0
DA:163,0
DA:164,0
DA:168,2
DA:169,0
DA:170,0
DA:171,0
DA:172,0
DA:176,3
DA:177,1
DA:178,2
DA:179,1
DA:180,1
DA:181,0
DA:182,0
DA:183,0
DA:185,2
DA:186,2
DA:188,0
DA:190,2
DA:191,0
DA:193,0
DA:195,0
DA:197,2
DA:198,1
DA:199,0
DA:200,0
DA:203,2
DA:204,0
DA:206,1
DA:209,1
DA:210,1
DA:211,2
DA:213,2
DA:216,1
LF:115
LH:58
end_of_record
TN:
SF:/home/brett/Projects/BrettMayson/hemtt/bin/src/modules/sign.rs
FN:21,name
FN:25,check
FN:32,pre_release
FN:41,{closure#0}
FN:96,get_authority
FN:100,{closure#0}
FNF:6
FNDA:1,name
FNDA:1,check
FNDA:1,pre_release
FNDA:4,{closure#0}
FNDA:1,get_authority
FNDA:3,{closure#0}
DA:21,1
DA:25,1
DA:26,1
DA:27,0
DA:29,1
DA:32,1
DA:33,1
DA:34,2
DA:35,2
DA:36,3
DA:37,3
DA:39,1
DA:41,4
DA:42,1
DA:43,3
DA:46,2
DA:47,1
DA:48,1
DA:51,3
DA:52,3
DA:53,1
DA:57,0
DA:58,0
DA:59,0
DA:60,0
DA:61,0
DA:64,0
DA:65,0
DA:66,0
DA:67,0
DA:69,0
DA:72,0
DA:73,0
DA:74,0
DA:75,0
DA:76,0
DA:79,0
DA:81,0
DA:82,0
DA:83,0
DA:87,6
DA:88,2
DA:89,3
DA:90,1
DA:92,1
DA:96,1
DA:97,0
DA:99,2
DA:100,3
DA:103,1
DA:105,1
DA:106,0
DA:108,1
LF:53
LH:31
end_of_record
TN:
SF:/home/brett/Projects/BrettMayson/hemtt/bin/src/modules/sqf.rs
FN:19,name
FN:24,pre_build
FN:42,{closure#0}
FNF:3
FNDA:1,name
FNDA:1,pre_build
FNDA:3,{closure#0}
DA:19,1
DA:24,1
DA:25,1
DA:26,2
DA:27,1
DA:28,1
DA:29,3
DA:30,4
DA:31,2
DA:32,1
DA:35,1
DA:39,1
DA:40,3
DA:42,3
DA:43,3
DA:44,2
DA:45,2
DA:46,1
DA:47,2
DA:48,1
DA:49,1
DA:50,2
DA:51,0
DA:53,1
DA:54,0
DA:55,0
DA:57,0
DA:59,3
DA:60,1
DA:61,1
DA:63,0
DA:64,0
DA:65,0
DA:66,0
DA:67,0
DA:69,0
DA:70,0
DA:72,0
DA:73,0
DA:75,0
DA:78,0
DA:81,0
DA:82,0
DA:83,0
DA:85,0
DA:86,0
DA:88,0
DA:94,6
DA:96,1
DA:98,5
DA:99,1
LF:51
LH:30
end_of_record
TN:
SF:/home/brett/Projects/BrettMayson/hemtt/bin/src/update.rs
FN:10,check
FNF:1
FNDA:1,check
DA:10,1
DA:11,1
DA:12,7
DA:13,1
DA:15,0
DA:16,0
DA:17,0
DA:19,0
DA:20,0
DA:22,0
DA:23,0
DA:24,0
DA:25,0
DA:26,0
DA:28,0
DA:30,0
DA:31,0
DA:35,0
DA:37,0
DA:41,0
DA:45,0
DA:46,0
DA:50,0
DA:51,0
DA:53,1
DA:54,0
DA:55,0
DA:59,0
DA:60,0
DA:61,0
DA:62,0
DA:63,0
DA:67,0
DA:68,0
DA:70,0
LF:35
LH:5
end_of_record
TN:
SF:/home/brett/Projects/BrettMayson/hemtt/bin/src/utils/inspect.rs
FN:19,cli
FN:37,execute
FN:102,bikey
FN:116,bisign
FN:134,pbo
FN:188,paa
FNF:6
FNDA:1,cli
FNDA:0,execute
FNDA:0,bikey
FNDA:0,bisign
FNDA:0,pbo
FNDA:0,paa
DA:19,1
DA:20,2
DA:24,2
DA:37,0
DA:38,0
DA:39,0
DA:45,0
DA:46,0
DA:48,0
DA:49,0
DA:51,0
DA:52,0
DA:54,0
DA:55,0
DA:58,0
DA:59,0
DA:60,0
DA:61,0
DA:63,0
DA:64,0
DA:65,0
DA:66,0
DA:69,0
DA:70,0
DA:71,0
DA:72,0
DA:73,0
DA:76,0
DA:77,0
DA:78,0
DA:79,0
DA:80,0
DA:82,0
DA:84,0
DA:85,0
DA:88,0
DA:89,0
DA:90,0
DA:92,0
DA:95,0
DA:102,0
DA:103,0
DA:104,0
DA:105,0
DA:106,0
DA:107,0
DA:108,0
DA:109,0
DA:116,0
DA:117,0
DA:118,0
DA:119,0
DA:120,0
DA:121,0
DA:122,0
DA:123,0
DA:124,0
DA:134,0
DA:135,0
DA:136,0
DA:137,0
DA:138,0
DA:140,0
DA:141,0
DA:142,0
DA:143,0
DA:144,0
DA:146,0
DA:147,0
DA:148,0
DA:149,0
DA:151,0
DA:153,0
DA:154,0
DA:155,0
DA:156,0
DA:157,0
DA:158,0
DA:159,0
DA:160,0
DA:161,0
DA:163,0
DA:164,0
DA:165,0
DA:166,0
DA:167,0
DA:168,0
DA:169,0
DA:171,0
DA:172,0
DA:174,0
DA:175,0
DA:176,0
DA:178,0
DA:179,0
DA:181,0
DA:188,0
DA:189,0
DA:190,0
DA:191,0
DA:192,0
DA:193,0
DA:194,0
DA:195,0
DA:196,0
DA:197,0
DA:198,0
DA:199,0
DA:200,0
DA:201,0
DA:203,0
DA:204,0
DA:205,0
DA:206,0
DA:207,0
DA:208,0
DA:209,0
DA:211,0
DA:212,0
DA:214,0
DA:215,0
LF:121
LH:3
end_of_record
TN:
SF:/home/brett/Projects/BrettMayson/hemtt/bin/src/utils/paa/convert.rs
FN:8,cli
FN:23,execute
FNF:2
FNDA:1,cli
FNDA:0,execute
DA:8,1
DA:9,3
DA:11,2
DA:13,2
DA:23,0
DA:24,0
DA:25,0
DA:26,0
DA:27,0
DA:28,0
DA:30,0
DA:31,0
DA:32,0
DA:34,0
DA:36,0
LF:15
LH:4
end_of_record
TN:
SF:/home/brett/Projects/BrettMayson/hemtt/bin/src/utils/paa/mod.rs
FN:12,cli
FN:31,execute
FNF:2
FNDA:1,cli
FNDA:0,execute
DA:12,1
DA:13,3
DA:16,2
DA:18,3
DA:19,1
DA:20,2
DA:31,0
DA:32,0
DA:33,0
DA:35,0
DA:36,0
LF:11
LH:6
end_of_record
TN:
SF:/home/brett/Projects/BrettMayson/hemtt/bin/src/utils/pbo/extract.rs
FN:9,cli
FN:29,execute
FNF:2
FNDA:1,cli
FNDA:0,execute
DA:9,1
DA:10,4
DA:13,2
DA:18,2
DA:22,2
DA:29,0
DA:30,0
DA:31,0
DA:32,0
DA:33,0
DA:34,0
DA:35,0
DA:37,0
DA:38,0
DA:39,0
DA:40,0
DA:41,0
DA:43,0
DA:45,0
DA:47,0
LF:20
LH:5
end_of_record
TN:
SF:/home/brett/Projects/BrettMayson/hemtt/bin/src/utils/pbo/mod.rs
FN:13,cli
FN:33,execute
FNF:2
FNDA:1,cli
FNDA:0,execute
DA:13,1
DA:14,4
DA:17,2
DA:18,2
DA:20,3
DA:21,1
DA:22,2
DA:33,0
DA:34,0
DA:35,0
DA:36,0
DA:38,0
DA:39,0
LF:13
LH:7
end_of_record
TN:
SF:/home/brett/Projects/BrettMayson/hemtt/bin/src/utils/pbo/unpack.rs
FN:13,cli
FN:32,execute
FNF:2
FNDA:1,cli
FNDA:0,execute
DA:13,1
DA:14,3
DA:17,2
DA:22,2
DA:32,0
DA:33,0
DA:34,0
DA:35,0
DA:36,0
DA:37,0
DA:38,0
DA:40,0
DA:41,0
DA:42,0
DA:43,0
DA:44,0
DA:45,0
DA:47,0
DA:51,0
DA:52,0
DA:55,0
DA:56,0
DA:57,0
DA:58,0
DA:59,0
DA:60,0
DA:62,0
DA:64,0
LF:28
LH:4
end_of_record
TN:
SF:/home/brett/Projects/BrettMayson/hemtt/bin/src/utils/verify.rs
FN:12,cli
FN:31,execute
FNF:2
FNDA:1,cli
FNDA:0,execute
DA:12,1
DA:13,3
DA:16,2
DA:18,2
DA:31,0
DA:32,0
DA:33,0
DA:35,0
DA:36,0
DA:37,0
DA:38,0
DA:41,0
DA:42,0
DA:43,0
DA:45,0
DA:46,0
DA:47,0
DA:49,0
DA:50,0
DA:51,0
DA:52,0
DA:53,0
DA:54,0
DA:55,0
DA:56,0
DA:57,0
DA:59,0
DA:61,0
DA:62,0
DA:65,0
DA:66,0
DA:67,0
DA:68,0
DA:71,0
DA:72,0
DA:74,0
DA:77,0
DA:79,0
DA:80,0
DA:82,0
DA:83,0
DA:85,0
DA:86,0
DA:88,0
DA:89,0
DA:92,0
DA:95,0
DA:98,0
DA:99,0
DA:101,0
DA:106,0
LF:51
LH:4
end_of_record
TN:
SF:/home/brett/Projects/BrettMayson/hemtt/bin/tests/preset.rs
FN:10,{closure#0}
FN:17,preset
FNF:2
FNDA:6,{closure#0}
FNDA:2,preset
DA:10,6
DA:11,2
DA:17,2
DA:18,6
DA:19,2
DA:21,2
DA:22,4
DA:23,4
DA:24,2
DA:25,1
LF:10
LH:10
end_of_record
TN:
SF:/home/brett/Projects/BrettMayson/hemtt/libs/common/src/addons.rs
FN:65,{closure#0}
FN:181,{closure#0}
FN:203,from_str
FN:213,to_string
FNF:4
FNDA:6,{closure#0}
FNDA:6,{closure#0}
FNDA:1,from_str
FNDA:3,to_string
DA:45,3
DA:46,6
DA:47,3
DA:49,3
DA:50,10
DA:51,2
DA:53,3
DA:57,3
DA:58,6
DA:62,3
DA:63,6
DA:65,6
DA:68,9
DA:69,3
DA:70,6
DA:71,6
DA:72,6
DA:76,6
DA:78,3
DA:79,3
DA:80,3
DA:85,3
DA:86,3
DA:90,1
DA:91,3
DA:95,2
DA:96,2
DA:100,1
DA:101,1
DA:107,1
DA:108,2
DA:112,1
DA:113,1
DA:117,1
DA:118,1
DA:126,3
DA:127,3
DA:128,8
DA:129,5
DA:130,4
DA:133,4
DA:134,5
DA:135,3
DA:137,0
DA:140,6
DA:141,6
DA:143,1
DA:144,2
DA:147,6
DA:148,4
DA:149,2
DA:151,1
DA:152,1
DA:156,1
DA:171,3
DA:172,3
DA:173,6
DA:174,2
DA:176,12
DA:177,15
DA:181,6
DA:182,6
DA:183,6
DA:184,0
DA:185,0
DA:188,6
DA:189,0
DA:190,0
DA:193,6
DA:203,1
DA:205,2
DA:206,2
DA:207,1
DA:213,3
DA:214,6
DA:215,3
DA:216,2
DA:231,3
DA:233,3
DA:245,1
DA:246,2
DA:253,1
DA:254,1
LF:83
LH:78
end_of_record
TN:
SF:/home/brett/Projects/BrettMayson/hemtt/libs/common/src/arma/dlc.rs
FN:63,to_string
FN:78,try_from
FN:99,deserialize<toml_edit::de::value::ValueDeserializer>
FNF:3
FNDA:0,to_string
FNDA:2,try_from
FNDA:1,deserialize<toml_edit::de::value::ValueDeserializer>
DA:37,0
DA:38,0
DA:39,0
DA:40,0
DA:41,0
DA:42,0
DA:43,0
DA:44,0
DA:50,0
DA:51,0
DA:52,0
DA:53,0
DA:54,0
DA:55,0
DA:56,0
DA:57,0
DA:63,0
DA:64,0
DA:65,0
DA:66,0
DA:67,0
DA:68,0
DA:69,0
DA:70,0
DA:78,2
DA:80,6
DA:81,2
DA:82,2
DA:83,4
DA:84,2
DA:85,2
DA:86,4
DA:87,1
DA:89,2
DA:90,2
DA:91,1
DA:92,0
DA:99,1
DA:103,1
DA:104,2
LF:40
LH:15
end_of_record
TN:
SF:/home/brett/Projects/BrettMayson/hemtt/libs/common/src/error.rs
FN:32,from
FNF:1
FNDA:0,from
DA:32,0
DA:33,0
LF:2
LH:0
end_of_record
TN:
SF:/home/brett/Projects/BrettMayson/hemtt/libs/common/src/io.rs
FN:94,compressed_int_len
FNF:1
FNDA:12,compressed_int_len
DA:28,6
DA:29,6
DA:30,16
DA:31,4
DA:32,5
DA:33,0
DA:35,12
DA:38,10
DA:41,0
DA:42,0
DA:43,0
DA:44,0
DA:45,0
DA:46,0
DA:47,0
DA:50,0
DA:69,27
DA:70,46
DA:71,65
DA:72,28
DA:76,6
DA:77,7
DA:78,2
DA:80,7
DA:81,0
DA:82,0
DA:83,0
DA:84,0
DA:87,4
DA:88,9
DA:94,12
DA:95,2
DA:96,12
DA:98,2
DA:99,0
DA:100,0
DA:101,0
DA:104,12
LF:38
LH:22
end_of_record
TN:
SF:/home/brett/Projects/BrettMayson/hemtt/libs/common/src/math.rs
FN:7,eval
FN:11,shunting_yard
FN:73,evaluate_postfix
FN:114,tokenize
FN:126,{closure#0}
FN:155,{closure#1}
FNF:6
FNDA:16,eval
FNDA:16,shunting_yard
FNDA:3,evaluate_postfix
FNDA:16,tokenize
FNDA:0,{closure#0}
FNDA:0,{closure#1}
DA:7,16
DA:8,19
DA:11,16
DA:12,16
DA:13,16
DA:14,32
DA:26,22
DA:28,25
DA:29,7
DA:30,23
DA:31,15
DA:32,34
DA:33,3
DA:34,3
DA:35,3
DA:36,3
DA:37,6
DA:38,0
DA:40,20
DA:47,30
DA:49,8
DA:51,3
DA:52,6
DA:53,6
DA:54,3
DA:57,6
DA:59,3
DA:60,1
DA:66,3
DA:67,26
DA:70,3
DA:73,3
DA:74,3
DA:76,31
DA:77,14
DA:78,28
DA:79,13
DA:80,28
DA:81,35
DA:82,14
DA:83,9
DA:84,2
DA:85,2
DA:86,2
DA:87,4
DA:88,2
DA:89,0
DA:91,23
DA:93,1
DA:97,6
DA:114,16
DA:115,3
DA:116,16
DA:118,36
DA:119,5
DA:120,45
DA:122,5
DA:123,16
DA:124,26
DA:126,0
DA:128,16
DA:130,5
DA:131,28
DA:132,8
DA:133,6
DA:135,8
DA:136,8
DA:139,4
DA:141,4
DA:145,1
DA:151,6
DA:152,6
DA:153,6
DA:155,0
DA:159,11
LF:75
LH:71
end_of_record
TN:
SF:/home/brett/Projects/BrettMayson/hemtt/libs/common/src/position.rs
FNF:0
DA:22,7
DA:23,6
DA:28,0
DA:29,0
DA:34,10
DA:35,10
DA:50,51
DA:56,11
DA:57,14
DA:62,10
DA:63,12
DA:68,32
DA:74,4
DA:75,4
DA:80,0
DA:82,0
DA:84,0
LF:17
LH:12
end_of_record
TN:
SF:/home/brett/Projects/BrettMayson/hemtt/libs/common/src/prefix.rs
FN:103,to_string
FNF:1
FNDA:2,to_string
DA:35,4
DA:36,4
DA:37,4
DA:38,1
DA:40,4
DA:41,8
DA:42,4
DA:43,1
DA:45,4
DA:46,4
DA:52,3
DA:53,1
DA:54,1
DA:55,2
DA:56,1
DA:57,1
DA:58,2
DA:60,1
DA:61,2
DA:69,0
DA:75,0
DA:76,0
DA:81,1
DA:82,1
DA:87,1
DA:88,1
DA:93,1
DA:94,1
DA:95,3
DA:96,1
DA:98,1
DA:103,2
DA:104,2
LF:33
LH:30
end_of_record
TN:
SF:/home/brett/Projects/BrettMayson/hemtt/libs/common/src/project/addon/mod.rs
FN:98,from_str
FNF:1
FNDA:1,from_str
DA:42,1
DA:43,1
DA:48,0
DA:49,0
DA:50,0
DA:51,0
DA:60,1
DA:61,1
DA:62,2
DA:63,0
DA:65,2
DA:66,0
DA:68,2
DA:69,2
DA:70,2
DA:71,0
DA:73,2
DA:74,0
DA:77,1
DA:82,1
DA:88,1
DA:89,1
DA:90,2
DA:91,1
DA:98,1
DA:99,1
DA:115,1
DA:116,1
DA:121,1
DA:140,0
DA:141,0
DA:146,0
DA:162,1
LF:33
LH:22
end_of_record
TN:
SF:/home/brett/Projects/BrettMayson/hemtt/libs/common/src/project/files.rs
FN:19,{closure#0}
FNF:1
FNDA:1,{closure#0}
DA:15,1
DA:16,1
DA:19,1
DA:20,2
DA:21,0
DA:23,1
DA:27,3
DA:37,2
DA:38,2
DA:41,2
DA:42,1
DA:43,1
DA:47,1
DA:48,1
LF:14
LH:13
end_of_record
TN:
SF:/home/brett/Projects/BrettMayson/hemtt/libs/common/src/project/hemtt.rs
FN:130,{closure#0}
FNF:1
FNDA:0,{closure#0}
DA:27,1
DA:28,1
DA:33,0
DA:34,0
DA:39,0
DA:40,0
DA:45,1
DA:46,1
DA:60,1
DA:61,1
DA:96,0
DA:97,0
DA:102,0
DA:103,0
DA:108,0
DA:109,0
DA:114,0
DA:115,0
DA:120,0
DA:121,0
DA:126,0
DA:127,0
DA:130,0
DA:132,0
DA:134,0
DA:151,0
DA:152,0
DA:153,0
DA:155,0
DA:180,1
DA:181,1
DA:186,1
DA:187,1
DA:188,0
DA:190,1
DA:196,1
DA:197,1
DA:198,0
DA:200,1
LF:39
LH:14
end_of_record
TN:
SF:/home/brett/Projects/BrettMayson/hemtt/libs/common/src/project/mod.rs
FN:102,{closure#0}
FN:135,from_str
FNF:2
FNDA:3,{closure#0}
FNDA:1,from_str
DA:49,1
DA:50,1
DA:55,1
DA:61,1
DA:62,1
DA:67,1
DA:68,1
DA:73,1
DA:74,1
DA:79,1
DA:80,1
DA:85,1
DA:86,1
DA:91,1
DA:92,1
DA:98,1
DA:99,2
DA:102,3
DA:111,1
DA:112,1
DA:113,2
DA:116,1
DA:117,0
DA:120,2
DA:121,3
DA:124,2
DA:125,0
DA:128,1
DA:135,1
DA:136,1
LF:30
LH:28
end_of_record
TN:
SF:/home/brett/Projects/BrettMayson/hemtt/libs/common/src/project/signing.rs
FNF:0
DA:14,1
DA:15,1
DA:16,0
DA:18,1
DA:26,1
DA:27,1
LF:6
LH:5
end_of_record
TN:
SF:/home/brett/Projects/BrettMayson/hemtt/libs/common/src/project/version.rs
FN:84,{closure#0}
FNF:1
FNDA:1,{closure#0}
DA:39,1
DA:42,1
DA:43,1
DA:47,2
DA:49,2
DA:50,0
DA:51,0
DA:52,0
DA:53,0
DA:57,2
DA:58,1
DA:59,1
DA:65,1
DA:67,1
DA:71,1
DA:73,1
DA:74,4
DA:75,2
DA:76,0
DA:78,2
DA:79,0
DA:81,1
DA:84,1
DA:87,1
DA:88,1
DA:90,0
DA:92,1
DA:95,2
DA:96,6
DA:97,2
DA:98,2
DA:100,0
DA:102,0
DA:106,1
DA:107,1
DA:108,1
DA:109,1
DA:111,0
DA:113,0
LF:39
LH:28
end_of_record
TN:
SF:/home/brett/Projects/BrettMayson/hemtt/libs/common/src/reporting/error.rs
FNF:0
DA:18,0
DA:19,0
DA:20,0
DA:21,0
LF:4
LH:0
end_of_record
TN:
SF:/home/brett/Projects/BrettMayson/hemtt/libs/common/src/reporting/mod.rs
FN:95,fmt
FN:112,fmt
FNF:2
FNDA:0,fmt
FNDA:0,fmt
DA:24,0
DA:25,0
DA:37,0
DA:38,0
DA:41,0
DA:42,0
DA:46,0
DA:47,0
DA:50,0
DA:51,0
DA:54,0
DA:57,0
DA:58,0
DA:59,0
DA:60,0
DA:62,0
DA:63,0
DA:69,0
DA:70,0
DA:74,0
DA:75,0
DA:79,0
DA:82,0
DA:83,0
DA:85,0
DA:86,0
DA:95,0
DA:96,0
DA:112,0
DA:113,0
DA:114,0
DA:115,0
DA:116,0
DA:147,0
DA:148,0
LF:35
LH:0
end_of_record
TN:
SF:/home/brett/Projects/BrettMayson/hemtt/libs/common/src/reporting/output.rs
FN:25,to_string
FN:37,from
FNF:2
FNDA:0,to_string
FNDA:3,from
DA:16,25
DA:17,30
DA:18,62
DA:19,1
DA:25,0
DA:26,0
DA:27,0
DA:28,0
DA:37,3
DA:38,3
DA:39,3
DA:40,6
LF:12
LH:8
end_of_record
TN:
SF:/home/brett/Projects/BrettMayson/hemtt/libs/common/src/reporting/processed.rs
FN:46,append_token
FN:55,{closure#0}
FN:57,{closure#1}
FN:126,append_output
FN:146,{closure#0}
FN:148,{closure#1}
FN:153,{closure#2}
FN:230,{closure#0}
FN:239,{closure#0}
FNF:9
FNDA:31,append_token
FNDA:57,{closure#0}
FNDA:54,{closure#1}
FNDA:29,append_output
FNDA:27,{closure#0}
FNDA:9,{closure#1}
FNDA:18,{closure#2}
FNDA:5,{closure#0}
FNDA:18,{closure#0}
DA:46,31
DA:51,60
DA:52,104
DA:55,57
DA:57,54
DA:58,26
DA:59,52
DA:60,21
DA:64,0
DA:65,25
DA:66,21
DA:67,29
DA:68,32
DA:69,28
DA:71,0
DA:73,21
DA:74,2
DA:75,2
DA:76,4
DA:77,4
DA:79,4
DA:81,4
DA:84,25
DA:85,26
DA:86,12
DA:87,28
DA:88,24
DA:89,13
DA:90,13
DA:91,25
DA:92,15
DA:95,16
DA:96,13
DA:100,19
DA:101,43
DA:102,0
DA:104,46
DA:105,3
DA:107,44
DA:108,45
DA:109,43
DA:110,43
DA:111,43
DA:112,20
DA:113,24
DA:114,42
DA:118,19
DA:119,22
DA:123,18
DA:126,29
DA:131,53
DA:132,29
DA:133,31
DA:134,40
DA:136,9
DA:137,9
DA:138,9
DA:139,9
DA:140,48
DA:141,9
DA:142,9
DA:143,35
DA:146,27
DA:148,9
DA:149,0
DA:150,0
DA:151,0
DA:153,18
DA:155,20
DA:156,8
DA:157,9
DA:158,7
DA:161,8
DA:162,8
DA:168,11
DA:176,29
DA:192,29
DA:193,74
DA:194,16
DA:200,15
DA:201,20
DA:206,0
DA:207,0
DA:212,8
DA:213,9
DA:221,4
DA:222,4
DA:227,2
DA:228,2
DA:230,5
DA:236,9
DA:237,18
DA:239,18
DA:240,9
DA:247,8
DA:248,19
DA:253,2
DA:254,2
DA:259,1
DA:260,1
DA:277,2
DA:278,4
DA:283,9
DA:284,9
DA:289,9
DA:290,9
DA:295,3
DA:296,3
DA:301,9
DA:307,3
DA:308,3
DA:313,2
DA:314,2
LF:113
LH:105
end_of_record
TN:
SF:/home/brett/Projects/BrettMayson/hemtt/libs/common/src/reporting/symbol.rs
FN:208,to_string
FNF:1
FNDA:25,to_string
DA:83,45
DA:84,46
DA:89,26
DA:90,23
DA:95,49
DA:96,48
DA:101,26
DA:102,32
DA:107,37
DA:108,33
DA:113,44
DA:114,46
DA:119,19
DA:120,11
DA:125,15
DA:126,17
DA:131,0
DA:132,0
DA:137,0
DA:138,0
DA:143,0
DA:144,0
DA:149,15
DA:150,18
DA:155,59
DA:156,46
DA:161,25
DA:162,25
DA:167,7
DA:168,7
DA:173,22
DA:174,28
DA:179,25
DA:180,21
DA:185,8
DA:186,13
DA:191,7
DA:192,7
DA:193,0
DA:194,0
DA:195,0
DA:196,0
DA:197,0
DA:198,0
DA:199,4
DA:200,0
DA:201,5
DA:202,0
DA:208,25
DA:209,29
DA:210,26
DA:211,0
DA:212,9
DA:213,0
DA:214,0
DA:215,18
DA:216,0
DA:217,0
DA:218,0
DA:219,0
DA:220,0
DA:221,3
DA:222,4
DA:223,0
DA:224,0
DA:225,3
DA:226,2
DA:227,4
DA:228,0
DA:229,9
DA:230,0
DA:231,17
DA:232,2
DA:233,1
DA:234,3
DA:235,9
DA:236,1
DA:237,22
DA:238,0
LF:79
LH:52
end_of_record
TN:
SF:/home/brett/Projects/BrettMayson/hemtt/libs/common/src/reporting/token.rs
FN:39,to_string
FNF:1
FNDA:9,to_string
DA:15,59
DA:21,48
DA:27,31
DA:28,26
DA:33,24
DA:34,19
DA:39,9
DA:40,9
LF:8
LH:8
end_of_record
TN:
SF:/home/brett/Projects/BrettMayson/hemtt/libs/common/src/reporting/whitespace.rs
FN:13,to_string
FNF:1
FNDA:19,to_string
DA:13,19
DA:14,48
DA:15,19
DA:16,4
LF:4
LH:4
end_of_record
TN:
SF:/home/brett/Projects/BrettMayson/hemtt/libs/common/src/sign_version.rs
FN:49,{closure#0}
FN:95,from
FN:113,deserialize<toml_edit::de::value::ValueDeserializer>
FN:129,fmt
FNF:4
FNDA:4,{closure#0}
FNDA:2,from
FNDA:0,deserialize<toml_edit::de::value::ValueDeserializer>
FNDA:0,fmt
DA:47,2
DA:48,2
DA:49,4
DA:50,2
DA:51,0
DA:52,0
DA:53,0
DA:54,0
DA:55,0
DA:56,0
DA:57,0
DA:58,0
DA:59,0
DA:60,0
DA:61,0
DA:62,0
DA:63,0
DA:64,0
DA:67,2
DA:68,2
DA:69,2
DA:70,2
DA:71,2
DA:72,2
DA:73,2
DA:74,2
DA:75,2
DA:76,2
DA:77,2
DA:78,2
DA:86,0
DA:87,0
DA:88,0
DA:89,0
DA:95,2
DA:96,2
DA:97,0
DA:98,2
DA:108,0
DA:113,0
DA:117,0
DA:118,0
DA:119,0
DA:120,0
DA:121,0
DA:122,0
DA:129,0
DA:130,0
DA:131,0
DA:132,0
LF:50
LH:19
end_of_record
TN:
SF:/home/brett/Projects/BrettMayson/hemtt/libs/common/src/version.rs
FN:119,try_from
FN:143,{closure#0}
FN:163,from
FN:172,partial_cmp
FN:222,fmt
FNF:5
FNDA:2,try_from
FNDA:2,{closure#0}
FNDA:2,from
FNDA:1,partial_cmp
FNDA:1,fmt
DA:27,3
DA:49,2
DA:50,2
DA:51,2
DA:52,5
DA:53,9
DA:54,8
DA:55,4
DA:56,2
DA:61,0
DA:62,0
DA:67,1
DA:68,1
DA:73,1
DA:74,1
DA:79,0
DA:80,0
DA:85,0
DA:86,0
DA:89,2
DA:90,2
DA:91,4
DA:92,11
DA:93,8
DA:94,5
DA:97,11
DA:99,9
DA:100,5
DA:102,6
DA:104,3
DA:108,4
DA:109,9
DA:112,8
DA:119,2
DA:120,3
DA:121,4
DA:122,4
DA:123,0
DA:125,8
DA:126,0
DA:128,12
DA:129,1
DA:131,13
DA:132,0
DA:134,15
DA:135,1
DA:137,11
DA:138,1
DA:140,8
DA:141,3
DA:143,2
DA:145,12
DA:146,4
DA:148,3
DA:150,8
DA:151,4
DA:155,4
DA:156,4
DA:163,2
DA:164,2
DA:165,2
DA:166,2
DA:172,1
DA:173,1
DA:174,1
DA:176,1
DA:177,1
DA:179,1
DA:180,1
DA:182,1
DA:183,0
DA:185,1
DA:186,0
DA:188,1
DA:189,0
DA:191,1
DA:200,0
DA:201,0
DA:202,0
DA:204,0
DA:205,0
DA:207,0
DA:216,0
DA:217,0
DA:222,1
DA:223,4
DA:224,2
DA:225,1
DA:227,1
DA:228,1
DA:230,1
LF:91
LH:71
end_of_record
TN:
SF:/home/brett/Projects/BrettMayson/hemtt/libs/common/src/workspace/error.rs
FN:14,from
FNF:1
FNDA:0,from
DA:14,0
DA:15,0
LF:2
LH:0
end_of_record
TN:
SF:/home/brett/Projects/BrettMayson/hemtt/libs/common/src/workspace/mod.rs
FNF:0
DA:33,81
DA:34,71
DA:39,1
DA:40,1
DA:47,83
DA:51,83
DA:52,84
DA:53,84
DA:55,236
DA:56,135
DA:57,0
DA:60,136
DA:63,136
DA:66,204
DA:67,68
DA:68,6
DA:69,2
DA:71,136
DA:72,0
DA:73,0
DA:76,137
DA:77,6
DA:78,2
DA:79,2
DA:80,1
DA:81,1
DA:87,82
DA:88,80
DA:89,69
DA:104,63
DA:105,68
DA:106,132
DA:107,68
DA:112,14
DA:113,21
DA:114,17
DA:121,84
DA:122,84
DA:123,168
DA:124,84
LF:40
LH:37
end_of_record
TN:
SF:/home/brett/Projects/BrettMayson/hemtt/libs/common/src/workspace/path.rs
FN:89,{closure#0}
FN:130,{closure#0}
FN:264,fmt
FN:270,fmt
FNF:4
FNDA:54,{closure#0}
FNDA:1,{closure#0}
FNDA:12,fmt
FNDA:0,fmt
DA:19,1
DA:25,1
DA:26,1
DA:33,69
DA:34,77
DA:35,69
DA:36,69
DA:37,77
DA:45,16
DA:46,2
DA:53,0
DA:54,0
DA:55,0
DA:62,1
DA:63,1
DA:70,1
DA:71,1
DA:78,1
DA:79,1
DA:86,83
DA:87,69
DA:89,54
DA:97,1
DA:98,1
DA:103,11
DA:104,11
DA:109,1
DA:111,1
DA:112,1
DA:120,1
DA:121,1
DA:123,3
DA:130,1
DA:133,1
DA:134,2
DA:136,1
DA:149,6
DA:150,6
DA:151,12
DA:152,1
DA:153,0
DA:154,0
DA:155,0
DA:156,0
DA:159,2
DA:163,4
DA:165,1
DA:166,3
DA:167,1
DA:169,1
DA:171,2
DA:172,3
DA:173,1
DA:174,1
DA:175,1
DA:180,12
DA:181,12
DA:182,15
DA:183,5
DA:184,5
DA:185,5
DA:188,1
DA:194,0
DA:195,0
DA:200,0
DA:201,0
DA:209,1
DA:210,2
DA:212,0
DA:214,3
DA:215,1
DA:216,1
DA:225,0
DA:226,0
DA:228,0
DA:229,0
DA:230,0
DA:231,0
DA:240,1
DA:241,1
DA:246,31
DA:247,29
DA:252,1
DA:253,1
DA:258,2
DA:259,2
DA:264,12
DA:265,12
DA:270,0
DA:271,0
LF:90
LH:70
end_of_record
TN:
SF:/home/brett/Projects/BrettMayson/hemtt/libs/config/src/analyze/array.rs
FN:12,valid
FN:13,{closure#0}
FN:16,warnings
FN:27,errors
FN:36,valid
FN:45,warnings
FN:55,{closure#0}
FN:61,errors
FN:67,{closure#0}
FNF:9
FNDA:1,valid
FNDA:6,{closure#0}
FNDA:3,warnings
FNDA:2,errors
FNDA:2,valid
FNDA:3,warnings
FNDA:3,{closure#0}
FNDA:2,errors
FNDA:3,{closure#0}
DA:12,1
DA:13,6
DA:16,3
DA:21,6
DA:23,9
DA:27,2
DA:28,5
DA:30,7
DA:36,2
DA:37,2
DA:38,1
DA:39,1
DA:40,3
DA:41,0
DA:45,3
DA:50,3
DA:51,1
DA:52,2
DA:53,2
DA:55,3
DA:57,0
DA:61,2
DA:62,3
DA:63,1
DA:64,2
DA:65,2
DA:67,3
DA:69,0
DA:72,0
DA:73,0
DA:74,0
DA:77,0
DA:79,0
LF:33
LH:25
end_of_record
TN:
SF:/home/brett/Projects/BrettMayson/hemtt/libs/config/src/analyze/class.rs
FN:9,valid
FN:18,warnings
FN:27,{closure#0}
FN:32,errors
FNF:4
FNDA:4,valid
FNDA:7,warnings
FNDA:21,{closure#0}
FNDA:5,errors
DA:9,4
DA:10,12
DA:11,4
DA:12,6
DA:13,20
DA:18,7
DA:23,10
DA:24,3
DA:25,23
DA:27,21
DA:32,5
DA:33,12
DA:34,3
DA:35,15
DA:37,18
LF:15
LH:15
end_of_record
TN:
SF:/home/brett/Projects/BrettMayson/hemtt/libs/config/src/analyze/codes/ce1_invalid_value.rs
FN:17,ident
FN:21,message
FN:25,label_message
FN:29,help
FN:36,report_generate_processed
FN:64,ci_generate_processed
FNF:6
FNDA:1,ident
FNDA:1,message
FNDA:1,label_message
FNDA:1,help
FNDA:1,report_generate_processed
FNDA:0,ci_generate_processed
DA:11,1
DA:17,1
DA:21,1
DA:22,1
DA:25,1
DA:26,1
DA:29,1
DA:31,1
DA:36,1
DA:37,1
DA:38,1
DA:39,1
DA:40,1
DA:41,1
DA:43,1
DA:44,1
DA:45,1
DA:47,2
DA:48,2
DA:50,3
DA:51,1
DA:52,2
DA:54,2
DA:55,1
DA:57,2
DA:59,2
DA:61,1
DA:64,0
DA:65,0
DA:66,0
DA:67,0
DA:68,0
DA:69,0
DA:70,0
LF:34
LH:27
end_of_record
TN:
SF:/home/brett/Projects/BrettMayson/hemtt/libs/config/src/analyze/codes/ce2_invalid_value_macro.rs
FN:17,ident
FN:21,message
FN:25,label_message
FN:29,help
FN:33,report_generate_processed
FN:63,ci_generate_processed
FNF:6
FNDA:1,ident
FNDA:1,message
FNDA:1,label_message
FNDA:1,help
FNDA:1,report_generate_processed
FNDA:0,ci_generate_processed
DA:11,1
DA:17,1
DA:21,1
DA:22,1
DA:25,1
DA:26,1
DA:29,1
DA:30,1
DA:33,1
DA:34,1
DA:35,1
DA:36,1
DA:37,1
DA:38,1
DA:39,1
DA:41,1
DA:42,1
DA:43,1
DA:45,2
DA:46,2
DA:48,3
DA:49,1
DA:50,2
DA:52,2
DA:53,1
DA:55,2
DA:56,3
DA:58,2
DA:60,1
DA:63,0
DA:64,0
DA:65,0
DA:66,0
DA:67,0
DA:68,0
DA:69,0
LF:36
LH:29
end_of_record
TN:
SF:/home/brett/Projects/BrettMayson/hemtt/libs/config/src/analyze/codes/ce3_duplicate_property.rs
FN:17,ident
FN:21,message
FN:25,label_message
FN:29,help
FN:33,report_generate_processed
FN:47,{closure#0}
FN:69,ci_generate_processed
FNF:7
FNDA:2,ident
FNDA:2,message
FNDA:0,label_message
FNDA:0,help
FNDA:2,report_generate_processed
FNDA:6,{closure#0}
FNDA:0,ci_generate_processed
DA:11,2
DA:17,2
DA:21,2
DA:22,2
DA:25,0
DA:26,0
DA:29,0
DA:30,0
DA:33,2
DA:34,2
DA:35,2
DA:36,2
DA:37,2
DA:38,2
DA:41,2
DA:42,2
DA:43,4
DA:45,4
DA:46,4
DA:47,6
DA:48,2
DA:49,2
DA:50,2
DA:51,2
DA:52,6
DA:53,2
DA:54,4
DA:56,4
DA:57,6
DA:58,2
DA:60,2
DA:64,4
DA:66,2
DA:69,0
DA:70,0
DA:71,0
DA:72,0
DA:73,0
DA:74,0
DA:75,0
DA:76,0
DA:77,0
DA:80,0
LF:43
LH:29
end_of_record
TN:
SF:/home/brett/Projects/BrettMayson/hemtt/libs/config/src/analyze/codes/ce4_missing_semicolon.rs
FN:17,ident
FN:21,message
FN:25,label_message
FN:29,help
FN:33,report_generate_processed
FN:37,{closure#0}
FN:70,ci_generate_processed
FNF:7
FNDA:1,ident
FNDA:1,message
FNDA:0,label_message
FNDA:0,help
FNDA:1,report_generate_processed
FNDA:2,{closure#0}
FNDA:0,ci_generate_processed
DA:11,1
DA:17,1
DA:21,1
DA:22,1
DA:25,0
DA:26,0
DA:29,0
DA:30,0
DA:33,1
DA:34,1
DA:35,2
DA:36,2
DA:37,2
DA:38,5
DA:39,1
DA:40,1
DA:41,1
DA:42,1
DA:43,1
DA:45,1
DA:46,1
DA:47,1
DA:49,2
DA:50,2
DA:53,3
DA:54,1
DA:55,2
DA:57,3
DA:58,1
DA:60,1
DA:62,1
DA:65,2
DA:67,1
DA:70,0
DA:71,0
DA:72,0
DA:73,0
DA:74,0
DA:75,0
DA:76,0
LF:40
LH:29
end_of_record
TN:
SF:/home/brett/Projects/BrettMayson/hemtt/libs/config/src/analyze/codes/ce5_unexpected_array.rs
FN:18,ident
FN:22,message
FN:26,label_message
FN:30,help
FN:34,report_generate_processed
FN:85,ci_generate_processed
FNF:6
FNDA:1,ident
FNDA:1,message
FNDA:1,label_message
FNDA:0,help
FNDA:1,report_generate_processed
FNDA:0,ci_generate_processed
DA:12,1
DA:18,1
DA:22,1
DA:23,1
DA:26,1
DA:27,1
DA:30,0
DA:31,0
DA:34,1
DA:35,1
DA:36,2
DA:37,1
DA:39,1
DA:41,0
DA:43,1
DA:44,1
DA:45,1
DA:46,1
DA:47,1
DA:48,1
DA:49,1
DA:50,1
DA:51,1
DA:53,1
DA:54,1
DA:55,1
DA:57,2
DA:58,2
DA:61,3
DA:62,1
DA:63,2
DA:65,2
DA:66,1
DA:69,3
DA:70,1
DA:71,2
DA:73,0
DA:75,3
DA:77,1
DA:80,2
DA:82,1
DA:85,0
DA:86,0
DA:87,0
DA:88,0
DA:89,0
DA:90,0
DA:91,0
LF:48
LH:37
end_of_record
TN:
SF:/home/brett/Projects/BrettMayson/hemtt/libs/config/src/analyze/codes/ce6_expected_array.rs
FN:17,ident
FN:21,message
FN:25,label_message
FN:29,help
FN:33,report_generate_processed
FN:86,ci_generate_processed
FNF:6
FNDA:1,ident
FNDA:1,message
FNDA:1,label_message
FNDA:0,help
FNDA:1,report_generate_processed
FNDA:0,ci_generate_processed
DA:11,1
DA:17,1
DA:21,1
DA:22,1
DA:25,1
DA:26,1
DA:29,0
DA:30,0
DA:33,1
DA:34,1
DA:35,2
DA:36,1
DA:37,1
DA:38,1
DA:40,0
DA:42,1
DA:43,0
DA:45,1
DA:46,0
DA:48,1
DA:49,1
DA:50,1
DA:51,1
DA:52,1
DA:53,1
DA:54,1
DA:55,1
DA:56,1
DA:58,1
DA:59,1
DA:60,1
DA:62,2
DA:63,2
DA:65,3
DA:66,1
DA:67,2
DA:69,2
DA:70,1
DA:73,3
DA:74,1
DA:75,2
DA:77,3
DA:78,1
DA:81,2
DA:83,1
DA:86,0
DA:87,0
DA:88,0
DA:89,0
DA:90,0
DA:91,0
DA:92,0
LF:52
LH:40
end_of_record
TN:
SF:/home/brett/Projects/BrettMayson/hemtt/libs/config/src/analyze/codes/ce7_missing_parent.rs
FN:19,ident
FN:23,message
FN:27,label_message
FN:31,help
FN:32,{closure#0}
FN:40,report_generate_processed
FN:82,ci_generate_processed
FNF:7
FNDA:1,ident
FNDA:1,message
FNDA:1,label_message
FNDA:0,help
FNDA:0,{closure#0}
FNDA:1,report_generate_processed
FNDA:0,ci_generate_processed
DA:11,1
DA:19,1
DA:23,1
DA:24,1
DA:27,1
DA:28,1
DA:31,0
DA:32,0
DA:33,0
DA:35,0
DA:40,1
DA:41,1
DA:42,1
DA:44,1
DA:51,1
DA:52,1
DA:53,1
DA:54,1
DA:55,1
DA:56,1
DA:58,1
DA:59,1
DA:60,1
DA:62,2
DA:63,2
DA:65,3
DA:66,1
DA:67,2
DA:69,2
DA:70,1
DA:72,1
DA:74,2
DA:77,2
DA:79,1
DA:82,0
DA:83,0
DA:84,0
DA:86,0
DA:87,0
DA:88,0
DA:89,0
DA:90,0
LF:42
LH:30
end_of_record
TN:
SF:/home/brett/Projects/BrettMayson/hemtt/libs/config/src/analyze/codes/cw1_parent_case.rs
FN:20,ident
FN:24,message
FN:28,label_message
FN:32,help
FN:42,report_generate_processed
FN:108,ci_generate_processed
FNF:6
FNDA:1,ident
FNDA:1,message
FNDA:1,label_message
FNDA:0,help
FNDA:1,report_generate_processed
FNDA:0,ci_generate_processed
DA:12,1
DA:20,1
DA:24,1
DA:25,1
DA:28,1
DA:29,1
DA:32,0
DA:33,0
DA:35,0
DA:42,1
DA:43,1
DA:44,1
DA:46,1
DA:53,1
DA:54,1
DA:55,1
DA:56,1
DA:58,1
DA:65,1
DA:66,1
DA:67,1
DA:68,1
DA:69,1
DA:71,1
DA:72,1
DA:73,1
DA:75,2
DA:76,2
DA:78,3
DA:79,1
DA:80,2
DA:82,2
DA:83,1
DA:86,2
DA:87,1
DA:88,2
DA:91,1
DA:93,1
DA:95,1
DA:96,2
DA:100,1
DA:103,2
DA:105,1
DA:108,0
DA:109,0
DA:110,0
DA:112,0
DA:113,0
DA:114,0
DA:115,0
DA:116,0
LF:51
LH:40
end_of_record
TN:
SF:/home/brett/Projects/BrettMayson/hemtt/libs/config/src/analyze/codes/cw2_magwell_missing_magazine.rs
FN:23,ident
FN:27,message
FN:31,label_message
FN:35,help
FN:39,report_generate_processed
FN:73,ci_generate_processed
FNF:6
FNDA:0,ident
FNDA:0,message
FNDA:0,label_message
FNDA:0,help
FNDA:0,report_generate_processed
FNDA:0,ci_generate_processed
DA:15,0
DA:23,0
DA:27,0
DA:28,0
DA:31,0
DA:32,0
DA:35,0
DA:36,0
DA:39,0
DA:40,0
DA:41,0
DA:42,0
DA:43,0
DA:44,0
DA:45,0
DA:46,0
DA:47,0
DA:48,0
DA:50,0
DA:51,0
DA:52,0
DA:54,0
DA:55,0
DA:57,0
DA:58,0
DA:59,0
DA:61,0
DA:63,0
DA:65,0
DA:68,0
DA:70,0
DA:73,0
DA:74,0
DA:75,0
DA:76,0
DA:77,0
DA:78,0
DA:79,0
LF:38
LH:0
end_of_record
TN:
SF:/home/brett/Projects/BrettMayson/hemtt/libs/config/src/analyze/config.rs
FN:17,valid
FN:21,warnings
FN:39,errors
FN:52,external_missing_error
FN:90,external_parent_case_warn
FN:103,{closure#0}
FN:115,{closure#1}
FN:135,duplicate_properties
FN:140,{closure#0}
FN:142,{closure#1}
FN:149,duplicate_properties_inner
FN:180,magwell_missing_magazine
FN:189,{closure#0}
FN:199,{closure#1}
FN:234,{closure#2}
FNF:15
FNDA:6,valid
FNDA:4,warnings
FNDA:6,errors
FNDA:4,external_missing_error
FNDA:6,external_parent_case_warn
FNDA:11,{closure#0}
FNDA:12,{closure#1}
FNDA:5,duplicate_properties
FNDA:23,{closure#0}
FNDA:6,{closure#1}
FNDA:6,duplicate_properties_inner
FNDA:1,magwell_missing_magazine
FNDA:2,{closure#0}
FNDA:0,{closure#1}
FNDA:0,{closure#2}
DA:17,6
DA:18,25
DA:21,4
DA:26,8
DA:29,17
DA:31,5
DA:32,9
DA:33,4
DA:34,2
DA:36,4
DA:39,6
DA:40,12
DA:43,24
DA:45,4
DA:46,8
DA:47,6
DA:48,7
DA:52,4
DA:56,4
DA:57,15
DA:58,4
DA:59,5
DA:60,0
DA:61,0
DA:63,4
DA:64,8
DA:65,8
DA:66,8
DA:69,5
DA:74,10
DA:75,5
DA:76,8
DA:77,12
DA:78,2
DA:81,5
DA:82,6
DA:87,5
DA:90,6
DA:94,6
DA:95,19
DA:96,9
DA:97,7
DA:99,0
DA:101,3
DA:102,6
DA:103,11
DA:105,4
DA:110,11
DA:111,7
DA:112,8
DA:113,8
DA:114,8
DA:115,12
DA:116,2
DA:117,1
DA:118,1
DA:122,0
DA:123,0
DA:126,4
DA:127,8
DA:132,4
DA:135,5
DA:136,6
DA:137,5
DA:138,4
DA:139,17
DA:140,23
DA:141,4
DA:142,6
DA:146,4
DA:149,6
DA:154,13
DA:155,13
DA:156,5
DA:160,5
DA:161,5
DA:164,9
DA:165,5
DA:167,5
DA:169,7
DA:170,7
DA:171,5
DA:173,6
DA:180,1
DA:181,1
DA:182,1
DA:183,1
DA:184,0
DA:186,2
DA:189,2
DA:191,1
DA:193,0
DA:194,0
DA:196,0
DA:199,0
DA:201,0
DA:203,0
DA:204,0
DA:205,0
DA:208,0
DA:209,0
DA:210,0
DA:211,0
DA:215,0
DA:216,0
DA:217,0
DA:218,0
DA:220,0
DA:224,0
DA:225,0
DA:228,0
DA:230,0
DA:234,0
DA:235,0
DA:236,0
DA:237,0
DA:238,0
DA:244,0
LF:118
LH:85
end_of_record
TN:
SF:/home/brett/Projects/BrettMayson/hemtt/libs/config/src/analyze/expression.rs
FN:9,valid
FN:13,warnings
FN:17,errors
FNF:3
FNDA:1,valid
FNDA:1,warnings
FNDA:1,errors
DA:9,1
DA:13,1
DA:14,1
DA:17,1
DA:18,1
LF:5
LH:5
end_of_record
TN:
SF:/home/brett/Projects/BrettMayson/hemtt/libs/config/src/analyze/model/cfgpatch.rs
FNF:0
DA:12,1
DA:19,0
DA:20,0
DA:23,0
LF:4
LH:1
end_of_record
TN:
SF:/home/brett/Projects/BrettMayson/hemtt/libs/config/src/analyze/number.rs
FN:9,valid
FN:13,warnings
FN:17,errors
FNF:3
FNDA:4,valid
FNDA:4,warnings
FNDA:4,errors
DA:9,4
DA:13,4
DA:14,4
DA:17,4
DA:18,4
LF:5
LH:5
end_of_record
TN:
SF:/home/brett/Projects/BrettMayson/hemtt/libs/config/src/analyze/property.rs
FN:16,valid
FN:25,warnings
FN:37,errors
FN:52,missing_semicolon
FN:56,unexpected_array
FN:67,expected_array
FNF:6
FNDA:8,valid
FNDA:9,warnings
FNDA:9,errors
FNDA:1,missing_semicolon
FNDA:4,unexpected_array
FNDA:9,expected_array
DA:16,8
DA:17,10
DA:18,7
DA:19,8
DA:20,1
DA:21,1
DA:25,9
DA:30,8
DA:31,6
DA:32,4
DA:33,2
DA:37,9
DA:38,9
DA:39,6
DA:40,5
DA:41,12
DA:42,6
DA:43,6
DA:45,6
DA:46,1
DA:47,1
DA:52,1
DA:53,1
DA:56,4
DA:57,8
DA:60,6
DA:62,6
DA:64,2
DA:67,9
DA:68,9
DA:69,6
DA:70,9
DA:72,6
DA:74,0
DA:76,6
DA:77,8
DA:79,2
DA:80,1
DA:83,1
DA:84,0
DA:86,2
LF:41
LH:39
end_of_record
TN:
SF:/home/brett/Projects/BrettMayson/hemtt/libs/config/src/analyze/str.rs
FN:9,valid
FN:13,warnings
FN:17,errors
FNF:3
FNDA:3,valid
FNDA:3,warnings
FNDA:3,errors
DA:9,3
DA:13,3
DA:14,3
DA:17,3
DA:18,3
LF:5
LH:5
end_of_record
TN:
SF:/home/brett/Projects/BrettMayson/hemtt/libs/config/src/analyze/value.rs
FN:12,valid
FN:22,warnings
FN:36,errors
FNF:3
FNDA:4,valid
FNDA:6,warnings
FNDA:6,errors
DA:12,4
DA:13,7
DA:14,3
DA:15,4
DA:16,1
DA:17,1
DA:18,1
DA:22,6
DA:27,6
DA:28,3
DA:29,4
DA:30,1
DA:31,5
DA:32,1
DA:36,6
DA:37,7
DA:38,3
DA:39,4
DA:40,1
DA:41,4
DA:42,1
DA:44,5
DA:45,5
DA:46,1
DA:49,3
DA:51,3
LF:26
LH:26
end_of_record
TN:
SF:/home/brett/Projects/BrettMayson/hemtt/libs/config/src/lib.rs
FN:29,parse
FN:116,ident
FN:120,message
FN:124,label_message
FN:128,help
FN:132,report_generate_processed
FN:161,from
FN:167,from
FNF:8
FNDA:7,parse
FNDA:0,ident
FNDA:0,message
FNDA:0,label_message
FNDA:0,help
FNDA:0,report_generate_processed
FNDA:0,from
FNDA:0,from
DA:29,7
DA:33,7
DA:34,9
DA:35,4
DA:36,11
DA:37,4
DA:38,4
DA:39,4
DA:40,5
DA:41,4
DA:42,7
DA:60,12
DA:66,0
DA:67,0
DA:72,1
DA:73,1
DA:78,2
DA:79,2
DA:84,2
DA:85,2
DA:90,0
DA:91,0
DA:96,1
DA:97,1
DA:98,1
DA:99,2
DA:100,0
DA:101,0
DA:102,0
DA:105,1
DA:116,0
DA:120,0
DA:121,0
DA:124,0
DA:125,0
DA:128,0
DA:129,0
DA:132,0
DA:133,0
DA:134,0
DA:135,0
DA:137,0
DA:138,0
DA:139,0
DA:141,0
DA:142,0
DA:143,0
DA:145,0
DA:147,0
DA:148,0
DA:149,0
DA:151,0
DA:154,0
DA:156,0
DA:161,0
DA:167,0
DA:168,0
LF:57
LH:23
end_of_record
TN:
SF:/home/brett/Projects/BrettMayson/hemtt/libs/config/src/model/class.rs
FNF:0
DA:50,5
DA:51,13
DA:52,13
DA:53,0
DA:59,4
DA:60,14
DA:61,2
DA:62,8
LF:8
LH:7
end_of_record
TN:
SF:/home/brett/Projects/BrettMayson/hemtt/libs/config/src/model/config.rs
FNF:0
DA:12,7
DA:13,4
DA:14,23
DA:15,7
DA:16,8
DA:19,6
DA:20,1
DA:21,2
DA:22,1
DA:25,1
DA:26,3
DA:27,2
DA:28,1
DA:29,2
DA:31,1
DA:36,2
DA:42,4
LF:17
LH:17
end_of_record
TN:
SF:/home/brett/Projects/BrettMayson/hemtt/libs/config/src/model/ident.rs
FNF:0
DA:25,8
DA:26,6
DA:31,2
DA:32,6
DA:37,0
DA:38,0
LF:6
LH:4
end_of_record
TN:
SF:/home/brett/Projects/BrettMayson/hemtt/libs/config/src/model/number.rs
FN:84,to_string
FNF:1
FNDA:14,to_string
DA:32,1
DA:33,2
DA:35,2
DA:36,4
DA:37,2
DA:38,2
DA:42,0
DA:43,0
DA:47,1
DA:48,1
DA:55,0
DA:56,0
DA:58,0
DA:59,0
DA:62,0
DA:63,0
DA:66,0
DA:67,0
DA:74,0
DA:75,0
DA:76,0
DA:77,0
DA:84,14
DA:85,10
DA:86,15
DA:87,0
DA:88,2
LF:27
LH:12
end_of_record
TN:
SF:/home/brett/Projects/BrettMayson/hemtt/libs/config/src/model/property.rs
FNF:0
DA:31,4
DA:32,30
DA:33,2
DA:34,9
DA:40,0
DA:41,0
LF:6
LH:4
end_of_record
TN:
SF:/home/brett/Projects/BrettMayson/hemtt/libs/config/src/model/value.rs
FNF:0
DA:43,1
DA:44,1
DA:45,1
DA:46,0
DA:47,0
DA:48,0
DA:49,0
LF:7
LH:3
end_of_record
TN:
SF:/home/brett/Projects/BrettMayson/hemtt/libs/config/src/parse/array.rs
FN:7,array
FN:8,{closure#0}
FN:16,{closure#0}
FN:30,array_value
FNF:4
FNDA:9,array
FNDA:52,{closure#0}
FNDA:2,{closure#0}
FNDA:10,array_value
DA:7,9
DA:8,52
DA:9,132
DA:10,10
DA:11,54
DA:12,38
DA:16,2
DA:18,26
DA:19,38
DA:20,19
DA:21,52
DA:23,25
DA:24,3
DA:30,10
DA:31,13
DA:32,15
DA:33,14
DA:34,38
LF:18
LH:18
end_of_record
TN:
SF:/home/brett/Projects/BrettMayson/hemtt/libs/config/src/parse/ident.rs
FN:5,ident
FN:10,{closure#0}
FNF:2
FNDA:7,ident
FNDA:37,{closure#0}
DA:5,7
DA:6,8
DA:10,37
LF:3
LH:3
end_of_record
TN:
SF:/home/brett/Projects/BrettMayson/hemtt/libs/config/src/parse/mod.rs
FN:17,config
FNF:1
FNDA:8,config
DA:17,8
DA:18,22
DA:19,32
DA:21,11
DA:22,29
DA:24,29
LF:6
LH:6
end_of_record
TN:
SF:/home/brett/Projects/BrettMayson/hemtt/libs/config/src/parse/number.rs
FN:5,number
FN:21,{closure#3}
FN:32,{closure#4}
FN:38,number_hex
FN:43,{closure#0}
FN:47,number_int
FN:55,number_float_exponent
FN:68,number_float_basic
FN:78,number_digits
FN:84,error_map<f32, core::num::dec2flt::ParseFloatError, char>
FNF:10
FNDA:17,number
FNDA:31,{closure#3}
FNDA:28,{closure#4}
FNDA:9,number_hex
FNDA:4,{closure#0}
FNDA:9,number_int
FNDA:7,number_float_exponent
FNDA:14,number_float_basic
FNDA:7,number_digits
FNDA:13,error_map<f32, core::num::dec2flt::ParseFloatError, char>
DA:5,17
DA:6,31
DA:8,10
DA:9,15
DA:10,17
DA:11,14
DA:12,2
DA:13,0
DA:15,1
DA:21,31
DA:22,26
DA:23,0
DA:25,13
DA:32,28
DA:33,0
DA:34,14
DA:38,9
DA:39,13
DA:40,18
DA:41,13
DA:43,4
DA:47,9
DA:48,15
DA:55,7
DA:56,84
DA:57,8
DA:59,8
DA:60,8
DA:61,8
DA:62,8
DA:68,14
DA:69,21
DA:71,13
DA:72,14
DA:78,7
DA:79,14
DA:84,13
DA:89,14
LF:38
LH:35
end_of_record
TN:
SF:/home/brett/Projects/BrettMayson/hemtt/libs/config/src/parse/property.rs
FN:7,property
FN:8,{closure#0}
FN:27,{closure#0}
FN:68,{closure#1}
FN:78,{closure#2}
FN:80,{closure#3}
FN:87,{closure#4}
FNF:7
FNDA:12,property
FNDA:23,{closure#0}
FNDA:12,{closure#0}
FNDA:10,{closure#1}
FNDA:35,{closure#2}
FNDA:15,{closure#3}
FNDA:16,{closure#4}
DA:7,12
DA:8,23
DA:9,68
DA:11,11
DA:13,30
DA:15,15
DA:20,45
DA:23,15
DA:24,30
DA:27,12
DA:28,12
DA:29,7
DA:31,7
DA:35,5
DA:38,62
DA:39,15
DA:40,47
DA:42,16
DA:44,33
DA:48,49
DA:51,73
DA:54,67
DA:55,19
DA:56,38
DA:58,17
DA:59,29
DA:61,78
DA:63,28
DA:64,38
DA:66,14
DA:67,34
DA:68,10
DA:70,48
DA:73,50
DA:74,42
DA:78,35
DA:80,15
DA:86,34
DA:87,16
DA:88,32
DA:89,15
DA:91,4
LF:42
LH:42
end_of_record
TN:
SF:/home/brett/Projects/BrettMayson/hemtt/libs/config/src/parse/str.rs
FN:5,string
FN:15,{closure#0}
FN:16,{closure#1}
FNF:3
FNDA:9,string
FNDA:12,{closure#0}
FNDA:21,{closure#1}
DA:5,9
DA:6,16
DA:7,40
DA:8,16
DA:9,16
DA:11,32
DA:12,14
DA:15,12
DA:16,21
DA:17,21
LF:10
LH:10
end_of_record
TN:
SF:/home/brett/Projects/BrettMayson/hemtt/libs/config/src/parse/value.rs
FN:7,value
FN:17,math
FN:19,{closure#0}
FN:33,{closure#1}
FN:34,{closure#2}
FN:37,{closure#0}
FN:48,eval
FN:53,{closure#0}
FN:60,{closure#1}
FN:63,{closure#0}
FNF:10
FNDA:19,value
FNDA:16,math
FNDA:34,{closure#0}
FNDA:2,{closure#1}
FNDA:1,{closure#2}
FNDA:3,{closure#0}
FNDA:19,eval
FNDA:25,{closure#0}
FNDA:4,{closure#1}
FNDA:4,{closure#0}
DA:7,19
DA:8,17
DA:9,21
DA:10,33
DA:11,32
DA:12,16
DA:13,33
DA:17,16
DA:18,25
DA:19,34
DA:20,13
DA:21,38
DA:22,38
DA:23,38
DA:24,38
DA:25,38
DA:26,38
DA:27,38
DA:28,38
DA:33,2
DA:34,1
DA:35,3
DA:36,4
DA:37,3
DA:38,1
DA:39,1
DA:40,2
DA:48,19
DA:49,54
DA:50,40
DA:51,55
DA:53,25
DA:54,38
DA:55,39
DA:58,18
DA:60,4
DA:61,4
DA:63,4
LF:38
LH:38
end_of_record
TN:
SF:/home/brett/Projects/BrettMayson/hemtt/libs/config/src/rapify/array.rs
FN:10,rapify<std::io::cursor::Cursor<alloc::boxed::Box<[u8], alloc::alloc::Global>>>
FN:24,rapified_length
FN:26,{closure#0}
FN:31,rapify<std::io::cursor::Cursor<alloc::boxed::Box<[u8], alloc::alloc::Global>>>
FN:51,rapified_length
FN:57,{closure#0}
FN:63,rapified_code
FNF:7
FNDA:1,rapify<std::io::cursor::Cursor<alloc::boxed::Box<[u8], alloc::alloc::Global>>>
FNDA:1,rapified_length
FNDA:7,{closure#0}
FNDA:1,rapify<std::io::cursor::Cursor<alloc::boxed::Box<[u8], alloc::alloc::Global>>>
FNDA:4,rapified_length
FNDA:3,{closure#0}
FNDA:2,rapified_code
DA:10,1
DA:15,1
DA:16,8
DA:17,3
DA:18,3
DA:20,1
DA:21,2
DA:24,1
DA:25,4
DA:26,7
DA:31,1
DA:36,1
DA:37,1
DA:38,1
DA:39,1
DA:40,2
DA:41,4
DA:42,4
DA:43,2
DA:45,1
DA:51,4
DA:52,4
DA:53,1
DA:54,2
DA:55,1
DA:56,3
DA:57,3
DA:63,2
DA:64,2
DA:65,1
DA:66,1
DA:67,1
LF:32
LH:32
end_of_record
TN:
SF:/home/brett/Projects/BrettMayson/hemtt/libs/config/src/rapify/class.rs
FN:11,rapify<std::io::cursor::Cursor<alloc::boxed::Box<[u8], alloc::alloc::Global>>>
FN:88,rapified_length
FN:99,{closure#0}
FNF:3
FNDA:2,rapify<std::io::cursor::Cursor<alloc::boxed::Box<[u8], alloc::alloc::Global>>>
FNDA:12,rapified_length
FNDA:2,{closure#0}
DA:11,2
DA:16,2
DA:17,10
DA:18,4
DA:19,2
DA:20,5
DA:21,1
DA:22,2
DA:24,4
DA:26,10
DA:28,2
DA:30,9
DA:32,13
DA:33,2
DA:34,11
DA:36,15
DA:37,10
DA:38,2
DA:39,13
DA:40,13
DA:41,13
DA:42,13
DA:43,2
DA:44,6
DA:45,10
DA:47,6
DA:48,6
DA:49,5
DA:50,10
DA:51,8
DA:52,0
DA:53,2
DA:54,9
DA:55,8
DA:56,4
DA:57,3
DA:60,0
DA:63,2
DA:64,4
DA:65,4
DA:69,4
DA:71,2
DA:72,4
DA:74,4
DA:75,9
DA:76,9
DA:79,0
DA:80,0
DA:81,2
DA:82,0
DA:85,2
DA:88,12
DA:89,6
DA:90,1
DA:91,17
DA:92,12
DA:93,16
DA:96,2
DA:97,12
DA:99,2
DA:100,19
DA:102,2
DA:103,2
DA:104,6
DA:105,9
LF:65
LH:60
end_of_record
TN:
SF:/home/brett/Projects/BrettMayson/hemtt/libs/config/src/rapify/config.rs
FN:10,rapify<alloc::vec::Vec<u8, alloc::alloc::Global>>
FN:36,rapified_length
FNF:2
FNDA:12,rapify<alloc::vec::Vec<u8, alloc::alloc::Global>>
FNDA:2,rapified_length
DA:10,12
DA:15,12
DA:16,2
DA:19,12
DA:21,4
DA:22,2
DA:23,4
DA:24,4
DA:26,2
DA:27,4
DA:29,4
DA:31,6
DA:32,4
DA:33,2
DA:36,2
DA:38,2
DA:40,4
LF:17
LH:17
end_of_record
TN:
SF:/home/brett/Projects/BrettMayson/hemtt/libs/config/src/rapify/expression.rs
FN:8,rapify<std::io::cursor::Cursor<alloc::boxed::Box<[u8], alloc::alloc::Global>>>
FN:17,rapified_length
FN:21,rapified_code
FNF:3
FNDA:2,rapify<std::io::cursor::Cursor<alloc::boxed::Box<[u8], alloc::alloc::Global>>>
FNDA:1,rapified_length
FNDA:1,rapified_code
DA:8,2
DA:13,2
DA:14,4
DA:17,1
DA:18,1
DA:21,1
LF:6
LH:6
end_of_record
TN:
SF:/home/brett/Projects/BrettMayson/hemtt/libs/config/src/rapify/mod.rs
FN:24,rapified_code<hemtt_config::model::class::Class>
FNF:1
FNDA:0,rapified_code<hemtt_config::model::class::Class>
DA:24,0
DA:25,0
LF:2
LH:0
end_of_record
TN:
SF:/home/brett/Projects/BrettMayson/hemtt/libs/config/src/rapify/number.rs
FN:8,rapify<std::io::cursor::Cursor<alloc::boxed::Box<[u8], alloc::alloc::Global>>>
FN:31,rapified_length
FN:38,rapified_code
FNF:3
FNDA:4,rapify<std::io::cursor::Cursor<alloc::boxed::Box<[u8], alloc::alloc::Global>>>
FNDA:3,rapified_length
FNDA:3,rapified_code
DA:8,4
DA:13,8
DA:14,7
DA:15,3
DA:16,7
DA:17,10
DA:19,1
DA:20,1
DA:21,2
DA:23,2
DA:24,8
DA:25,4
DA:28,4
DA:31,3
DA:32,2
DA:33,6
DA:34,0
DA:38,3
DA:39,3
DA:40,3
DA:41,0
DA:42,1
LF:22
LH:20
end_of_record
TN:
SF:/home/brett/Projects/BrettMayson/hemtt/libs/config/src/rapify/property.rs
FN:14,rapified_length
FNF:1
FNDA:11,rapified_length
DA:14,11
DA:15,4
DA:16,2
DA:17,3
DA:18,5
DA:19,5
DA:20,2
DA:21,4
DA:22,0
DA:24,2
DA:25,0
DA:26,5
DA:27,1
DA:29,1
DA:30,0
DA:38,11
DA:39,2
DA:40,6
DA:41,2
DA:42,3
DA:43,1
DA:44,1
DA:45,1
DA:46,1
DA:48,1
DA:53,6
DA:54,5
DA:55,1
DA:58,1
LF:29
LH:26
end_of_record
TN:
SF:/home/brett/Projects/BrettMayson/hemtt/libs/config/src/rapify/str.rs
FN:8,rapify<std::io::cursor::Cursor<alloc::boxed::Box<[u8], alloc::alloc::Global>>>
FN:17,rapified_length
FN:21,rapified_code
FNF:3
FNDA:3,rapify<std::io::cursor::Cursor<alloc::boxed::Box<[u8], alloc::alloc::Global>>>
FNDA:2,rapified_length
FNDA:2,rapified_code
DA:8,3
DA:13,3
DA:14,7
DA:17,2
DA:18,2
DA:21,2
LF:6
LH:6
end_of_record
TN:
SF:/home/brett/Projects/BrettMayson/hemtt/libs/config/src/rapify/value.rs
FN:6,rapify<std::io::cursor::Cursor<alloc::boxed::Box<[u8], alloc::alloc::Global>>>
FN:22,rapified_length
FN:32,rapified_code
FNF:3
FNDA:6,rapify<std::io::cursor::Cursor<alloc::boxed::Box<[u8], alloc::alloc::Global>>>
FNDA:5,rapified_length
FNDA:0,rapified_code
DA:6,6
DA:11,12
DA:12,2
DA:13,3
DA:14,1
DA:15,1
DA:18,2
DA:19,3
DA:22,5
DA:23,2
DA:24,3
DA:25,4
DA:26,1
DA:27,1
DA:32,0
DA:33,0
DA:34,0
DA:35,0
DA:36,0
DA:37,0
LF:20
LH:14
end_of_record
TN:
SF:/home/brett/Projects/BrettMayson/hemtt/libs/config/tests/errors.rs
FN:12,{closure#0}
FN:19,check
FNF:2
FNDA:24,{closure#0}
FNDA:8,check
DA:12,24
DA:13,8
DA:19,8
DA:20,8
DA:21,16
DA:23,8
DA:25,2
DA:26,11
DA:27,4
DA:28,1
DA:29,5
DA:30,3
DA:31,9
DA:35,7
DA:38,10
DA:40,5
DA:42,0
DA:43,0
DA:47,7
DA:48,14
DA:49,20
DA:53,0
DA:54,0
DA:55,0
DA:57,0
LF:25
LH:19
end_of_record
TN:
SF:/home/brett/Projects/BrettMayson/hemtt/libs/config/tests/rapify.rs
FN:13,{closure#0}
FN:20,check
FN:32,{closure#0}
FNF:3
FNDA:39,{closure#0}
FNDA:13,check
FNDA:0,{closure#0}
DA:13,39
DA:14,13
DA:20,13
DA:21,13
DA:22,26
DA:24,13
DA:26,26
DA:27,14
DA:28,5
DA:29,1
DA:30,0
DA:32,0
DA:34,0
DA:35,0
DA:36,0
DA:38,6
DA:39,3
DA:40,9
DA:41,9
DA:42,0
DA:43,0
DA:44,0
DA:46,18
DA:50,10
DA:51,11
DA:52,1
DA:53,2
DA:54,1
DA:55,4
DA:56,2
DA:57,2
DA:58,2
DA:59,1
LF:33
LH:25
end_of_record
TN:
SF:/home/brett/Projects/BrettMayson/hemtt/libs/config/tests/warnings.rs
FN:12,{closure#0}
FN:19,check
FN:38,{closure#0}
FNF:3
FNDA:3,{closure#0}
FNDA:1,check
FNDA:3,{closure#0}
DA:12,3
DA:13,1
DA:19,1
DA:20,1
DA:21,2
DA:23,1
DA:25,2
DA:26,2
DA:27,1
DA:28,1
DA:29,1
DA:30,1
DA:31,3
DA:35,2
DA:38,3
DA:40,2
DA:42,0
DA:43,0
DA:47,1
DA:48,3
DA:49,3
DA:53,0
DA:54,0
DA:55,0
DA:57,0
LF:25
LH:19
end_of_record
TN:
SF:/home/brett/Projects/BrettMayson/hemtt/libs/lzo/src/compress.rs
FN:19,get_unaligned_le32
FN:27,put_unaligned
FN:35,get_unaligned
FN:48,lzo1x_1_do_compress
FN:418,lzo1x_1_compress
FNF:5
FNDA:8,get_unaligned_le32
FNDA:6,put_unaligned
FNDA:6,get_unaligned
FNDA:8,lzo1x_1_do_compress
FNDA:7,lzo1x_1_compress
DA:19,8
DA:20,4
DA:21,32
DA:22,4
DA:23,4
DA:24,4
DA:27,6
DA:35,6
DA:36,6
DA:42,6
DA:48,8
DA:59,4
DA:60,8
DA:62,4
DA:63,8
DA:64,4
DA:65,8
DA:66,16
DA:67,12
DA:69,0
DA:77,16
DA:78,4
DA:79,12
DA:83,4
DA:84,8
DA:87,4
DA:88,12
DA:90,24
DA:91,24
DA:93,4
DA:96,10
DA:97,6
DA:98,14
DA:100,6
DA:101,7
DA:103,3
DA:104,6
DA:105,3
DA:107,3
DA:108,3
DA:109,3
DA:111,6
DA:112,10
DA:113,4
DA:114,4
DA:115,8
DA:117,4
DA:118,4
DA:119,4
DA:120,4
DA:122,4
DA:123,4
DA:124,4
DA:128,4
DA:132,4
DA:133,4
DA:134,4
DA:138,4
DA:142,4
DA:143,4
DA:144,4
DA:149,4
DA:154,8
DA:156,4
DA:157,1
DA:158,1
DA:159,2
DA:161,1
DA:163,8
DA:164,3
DA:165,5
DA:166,8
DA:169,5
DA:170,3
DA:173,0
DA:174,0
DA:175,0
DA:176,0
DA:180,5
DA:181,3
DA:182,8
DA:184,5
DA:187,3
DA:188,3
DA:189,5
DA:191,3
DA:192,3
DA:193,5
DA:197,5
DA:201,3
DA:202,3
DA:203,5
DA:207,5
DA:211,3
DA:212,3
DA:213,5
DA:218,5
DA:223,8
DA:224,8
DA:225,8
DA:226,5
DA:230,3
DA:232,3
DA:233,4
DA:234,7
DA:236,3
DA:237,4
DA:238,7
DA:241,4
DA:242,3
DA:249,4
DA:250,15
DA:251,4
DA:253,3
DA:256,5
DA:257,9
DA:258,13
DA:259,3
DA:262,8
DA:263,12
DA:264,4
DA:267,8
DA:268,12
DA:269,3
DA:272,6
DA:273,9
DA:274,2
DA:277,7
DA:278,12
DA:279,4
DA:282,8
DA:283,12
DA:284,2
DA:287,7
DA:288,11
DA:289,1
DA:292,7
DA:293,7
DA:294,2
DA:297,15
DA:298,3
DA:300,2
DA:303,12
DA:306,9
DA:307,5
DA:308,8
DA:309,3
DA:311,4
DA:316,12
DA:317,4
DA:318,10
DA:319,12
DA:320,6
DA:321,5
DA:322,9
DA:324,10
DA:326,6
DA:327,3
DA:328,3
DA:329,6
DA:332,3
DA:333,3
DA:336,0
DA:337,0
DA:338,0
DA:339,0
DA:343,3
DA:344,3
DA:345,6
DA:347,4
DA:350,0
DA:351,0
DA:352,0
DA:353,0
DA:354,0
DA:356,0
DA:358,0
DA:359,0
DA:360,0
DA:361,0
DA:363,0
DA:364,0
DA:365,0
DA:368,0
DA:369,0
DA:370,0
DA:371,0
DA:375,0
DA:376,0
DA:377,0
DA:379,0
DA:382,6
DA:383,3
DA:384,9
DA:386,6
DA:387,6
DA:388,6
DA:389,8
DA:391,3
DA:393,7
DA:394,4
DA:395,3
DA:396,7
DA:398,7
DA:399,3
DA:400,4
DA:401,7
DA:403,3
DA:407,10
DA:408,15
DA:409,15
DA:418,7
DA:426,7
DA:427,8
DA:428,7
DA:429,8
DA:430,5
DA:431,7
DA:434,18
DA:435,8
DA:437,0
DA:439,13
DA:440,21
DA:448,4
DA:449,10
DA:450,10
DA:451,10
DA:453,10
DA:454,5
DA:455,11
DA:456,16
DA:457,5
DA:458,5
DA:459,10
DA:461,5
DA:462,5
DA:463,0
DA:464,0
DA:465,0
DA:466,7
DA:467,2
DA:468,2
DA:469,4
DA:471,2
DA:473,8
DA:474,4
DA:475,4
DA:476,8
DA:479,4
DA:480,4
DA:483,0
DA:484,0
DA:485,0
DA:486,0
DA:490,3
DA:491,4
DA:492,7
DA:494,3
DA:496,6
DA:497,6
DA:499,0
DA:502,6
DA:504,6
DA:505,6
DA:508,6
DA:509,6
DA:513,6
DA:518,6
DA:519,6
DA:523,6
DA:528,6
DA:529,6
DA:534,6
DA:539,12
DA:540,12
DA:541,12
DA:542,16
DA:543,4
DA:545,6
DA:547,6
DA:548,6
DA:551,1
DA:552,1
DA:555,4
DA:557,4
DA:558,6
DA:559,10
DA:561,4
DA:562,6
DA:563,10
DA:566,6
DA:567,4
DA:573,4
DA:574,4
DA:575,8
DA:578,5
DA:579,6
DA:580,11
DA:583,5
DA:584,6
DA:585,11
DA:588,11
DA:589,17
LF:303
LH:264
end_of_record
TN:
SF:/home/brett/Projects/BrettMayson/hemtt/libs/lzo/src/decompress.rs
FN:6,get_unaligned_le16
FN:15,lzo1x_decompress_safe
FNF:2
FNDA:2,get_unaligned_le16
FNDA:2,lzo1x_decompress_safe
DA:6,2
DA:7,2
DA:8,2
DA:15,2
DA:26,2
DA:28,2
DA:29,4
DA:30,2
DA:31,2
DA:32,2
DA:33,5
DA:34,3
DA:35,1
DA:36,2
DA:39,1
DA:40,0
DA:41,0
DA:42,0
DA:43,0
DA:45,0
DA:47,0
DA:48,0
DA:52,0
DA:54,0
DA:55,0
DA:58,0
DA:59,0
DA:60,0
DA:62,0
DA:63,0
DA:64,0
DA:67,0
DA:69,0
DA:71,3
DA:75,0
DA:76,5
DA:78,1
DA:80,0
DA:83,1
DA:84,1
DA:85,2
DA:87,1
DA:88,1
DA:89,2
DA:92,2
DA:93,1
DA:97,1
DA:98,1
DA:101,1
DA:103,2
DA:105,2
DA:106,2
DA:107,2
DA:108,2
DA:109,4
DA:112,4
DA:113,2
DA:114,2
DA:116,0
DA:117,0
DA:118,0
DA:121,0
DA:122,0
DA:127,0
DA:131,0
DA:134,0
DA:137,0
DA:140,0
DA:141,0
DA:142,0
DA:143,0
DA:148,4
DA:149,6
DA:154,0
DA:157,8
DA:160,2
DA:162,0
DA:166,2
DA:167,2
DA:168,4
DA:170,2
DA:171,2
DA:172,4
DA:175,4
DA:176,2
DA:180,2
DA:181,2
DA:182,2
DA:183,2
DA:184,1
DA:185,2
DA:186,3
DA:187,2
DA:188,3
DA:189,1
DA:190,2
DA:194,1
DA:195,0
DA:198,3
DA:203,0
DA:206,1
DA:207,1
DA:208,2
DA:209,1
DA:211,0
DA:212,0
DA:213,0
DA:214,0
DA:215,0
DA:216,0
DA:217,0
DA:221,0
DA:222,0
DA:225,3
DA:226,1
DA:227,2
DA:228,3
DA:229,2
DA:230,3
DA:231,1
DA:232,2
DA:236,2
DA:238,2
DA:239,5
DA:240,6
DA:241,2
DA:243,2
DA:244,2
DA:245,4
DA:248,2
DA:249,3
DA:254,0
DA:258,6
DA:261,4
DA:264,0
DA:267,4
DA:268,6
DA:269,2
DA:270,4
DA:274,6
DA:279,0
DA:283,4
DA:284,2
DA:285,4
DA:286,6
DA:287,2
DA:289,2
DA:290,6
DA:291,6
DA:292,2
DA:294,1
DA:295,1
DA:296,2
DA:299,2
DA:300,3
DA:305,0
DA:309,3
DA:312,2
DA:315,0
DA:318,2
DA:319,3
DA:320,1
DA:321,2
DA:325,3
DA:330,0
DA:334,2
DA:335,4
DA:336,6
DA:337,2
DA:338,2
DA:339,2
DA:342,2
DA:344,2
DA:346,2
DA:347,2
DA:348,0
DA:351,4
DA:352,6
DA:357,0
DA:360,2
DA:361,2
DA:362,4
DA:363,4
DA:364,2
DA:365,2
DA:366,2
DA:367,4
DA:369,2
DA:370,2
DA:371,4
DA:374,2
DA:379,2
DA:380,2
DA:381,8
DA:383,2
DA:385,0
DA:388,6
DA:392,0
DA:395,1
DA:396,2
DA:397,2
DA:400,1
DA:401,1
DA:402,2
DA:404,1
DA:405,1
DA:406,2
DA:409,2
DA:412,0
DA:415,0
DA:418,2
DA:419,2
DA:420,6
DA:422,2
DA:423,0
DA:424,4
DA:425,2
DA:426,0
DA:427,0
DA:429,0
DA:431,0
DA:432,0
DA:433,0
DA:434,0
DA:436,0
DA:438,0
DA:442,0
DA:443,0
DA:444,0
LF:229
LH:158
end_of_record
TN:
SF:/home/brett/Projects/BrettMayson/hemtt/libs/lzo/src/lib.rs
FN:10,worst_compress
FN:52,compress
FN:80,compress_to_slice
FN:106,decompress_to_slice
FNF:4
FNDA:7,worst_compress
FNDA:7,compress
FNDA:1,compress_to_slice
FNDA:2,decompress_to_slice
DA:10,7
DA:11,8
DA:52,7
DA:54,8
DA:55,7
DA:59,8
DA:64,5
DA:65,6
DA:66,5
DA:67,6
DA:68,5
DA:70,0
DA:80,1
DA:82,1
DA:83,1
DA:85,0
DA:86,0
DA:87,0
DA:88,0
DA:89,0
DA:91,1
DA:92,1
DA:93,1
DA:94,1
DA:96,0
DA:106,2
DA:108,2
DA:110,0
DA:111,0
DA:112,0
DA:113,0
DA:115,2
DA:116,2
DA:117,2
DA:119,0
LF:35
LH:23
end_of_record
TN:
SF:/home/brett/Projects/BrettMayson/hemtt/libs/paa/src/mipmap.rs
FNF:0
DA:19,2
DA:20,2
DA:21,4
DA:22,4
DA:23,2
DA:24,6
DA:25,2
DA:26,0
DA:27,0
DA:28,0
DA:29,2
DA:35,0
DA:36,0
DA:37,0
DA:38,0
DA:40,0
DA:45,0
DA:46,0
DA:51,0
DA:52,0
DA:57,0
DA:63,0
DA:64,0
DA:72,1
DA:73,1
DA:74,1
DA:75,3
DA:76,1
DA:78,2
DA:79,1
DA:81,3
DA:82,2
DA:83,1
DA:85,1
DA:86,3
DA:87,1
DA:88,1
DA:89,2
DA:90,1
DA:91,1
DA:92,1
DA:93,1
DA:96,2
DA:98,1
DA:99,1
DA:100,1
DA:104,3
LF:47
LH:32
end_of_record
TN:
SF:/home/brett/Projects/BrettMayson/hemtt/libs/paa/src/paa.rs
FNF:0
DA:25,2
DA:28,2
DA:29,2
DA:35,0
DA:36,0
DA:41,0
DA:47,1
DA:48,1
DA:55,2
DA:56,6
DA:57,6
DA:59,4
DA:60,2
DA:61,4
DA:62,5
DA:64,0
DA:65,2
DA:66,4
DA:67,4
DA:68,0
DA:69,0
DA:70,0
DA:71,0
DA:76,4
DA:77,0
DA:78,4
DA:79,6
DA:80,2
DA:84,4
DA:85,4
DA:86,2
DA:87,2
DA:88,4
DA:89,2
DA:90,2
DA:91,2
DA:92,6
DA:93,4
DA:97,1
DA:99,0
DA:100,0
DA:101,0
LF:42
LH:30
end_of_record
TN:
SF:/home/brett/Projects/BrettMayson/hemtt/libs/paa/src/pax.rs
FN:61,from
FN:72,from
FN:83,fmt
FNF:3
FNDA:2,from
FNDA:0,from
FNDA:0,fmt
DA:19,2
DA:20,2
DA:21,2
DA:22,2
DA:24,0
DA:29,2
DA:30,3
DA:31,1
DA:32,0
DA:33,0
DA:34,0
DA:35,1
DA:36,0
DA:37,0
DA:38,0
DA:39,0
DA:40,0
DA:45,0
DA:46,0
DA:47,0
DA:48,0
DA:49,0
DA:50,0
DA:51,0
DA:52,0
DA:53,0
DA:54,0
DA:55,0
DA:61,2
DA:62,2
DA:63,1
DA:64,0
DA:65,1
DA:72,0
DA:73,0
DA:74,0
DA:75,0
DA:76,0
DA:83,0
DA:84,0
DA:85,0
DA:86,0
DA:87,0
DA:88,0
DA:89,0
DA:90,0
DA:91,0
DA:92,0
DA:93,0
LF:49
LH:12
end_of_record
TN:
SF:/home/brett/Projects/BrettMayson/hemtt/libs/pbo/src/file.rs
FN:26,read<std::fs::File>
FNF:1
FNDA:3,read<std::fs::File>
DA:16,3
DA:18,3
DA:26,3
DA:28,3
DA:29,6
DA:30,6
DA:31,3
LF:7
LH:7
end_of_record
TN:
SF:/home/brett/Projects/BrettMayson/hemtt/libs/pbo/src/model/checksum.rs
FN:39,from
FN:47,as_ref
FNF:2
FNDA:3,from
FNDA:2,as_ref
DA:12,0
DA:13,0
DA:18,2
DA:19,2
DA:24,2
DA:29,0
DA:30,0
DA:31,0
DA:32,0
DA:34,0
DA:39,3
DA:40,3
DA:41,6
DA:42,3
DA:47,2
DA:53,3
DA:54,3
DA:55,6
DA:56,3
LF:19
LH:12
end_of_record
TN:
SF:/home/brett/Projects/BrettMayson/hemtt/libs/pbo/src/model/header.rs
FNF:0
DA:22,1
DA:33,3
DA:35,3
DA:43,4
DA:44,4
DA:49,4
DA:50,4
DA:55,1
DA:56,1
DA:61,1
DA:62,1
DA:70,1
DA:71,1
DA:76,3
DA:77,3
DA:82,3
DA:83,3
DA:84,3
DA:85,3
DA:86,3
DA:87,3
DA:88,3
DA:89,6
DA:90,3
DA:95,4
DA:96,4
DA:97,8
DA:98,8
DA:99,8
DA:100,4
DA:101,4
DA:102,4
DA:103,8
DA:104,8
DA:105,8
DA:106,8
DA:107,8
DA:109,4
LF:38
LH:38
end_of_record
TN:
SF:/home/brett/Projects/BrettMayson/hemtt/libs/pbo/src/model/mime.rs
FN:42,fmt
FNF:1
FNDA:0,fmt
DA:19,3
DA:20,3
DA:21,3
DA:22,0
DA:23,0
DA:24,3
DA:30,4
DA:31,4
DA:32,4
DA:33,0
DA:34,0
DA:35,4
DA:36,0
DA:42,0
DA:43,0
DA:44,0
DA:45,0
DA:46,0
DA:47,0
LF:19
LH:8
end_of_record
TN:
SF:/home/brett/Projects/BrettMayson/hemtt/libs/pbo/src/read.rs
FNF:0
DA:29,4
DA:30,4
DA:31,4
DA:32,4
DA:33,4
DA:34,8
DA:35,8
DA:36,12
DA:37,4
DA:38,8
DA:39,8
DA:40,8
DA:41,0
DA:43,8
DA:44,8
DA:45,8
DA:47,7
DA:48,0
DA:50,6
DA:54,10
DA:55,6
DA:58,6
DA:59,6
DA:60,6
DA:61,0
DA:63,3
DA:64,3
DA:65,3
DA:66,0
DA:67,3
DA:68,3
DA:73,2
DA:74,3
DA:76,3
DA:80,3
DA:81,0
DA:85,2
DA:86,2
DA:90,3
DA:91,3
DA:95,3
DA:96,3
DA:97,9
DA:98,6
DA:99,0
DA:100,6
DA:102,3
DA:109,3
DA:110,3
DA:111,12
DA:112,6
DA:113,3
DA:115,6
DA:116,7
DA:118,1
DA:125,0
DA:126,0
DA:127,0
DA:128,0
DA:129,0
DA:131,0
DA:133,0
DA:140,2
DA:141,2
DA:142,4
DA:144,4
DA:146,2
DA:147,4
DA:148,2
DA:149,0
DA:152,9
DA:153,4
DA:154,2
DA:155,1
DA:156,2
DA:157,1
DA:160,3
DA:162,2
DA:172,3
DA:173,3
DA:174,6
DA:176,3
DA:177,6
DA:178,6
DA:181,9
DA:182,6
DA:183,0
DA:185,3
DA:186,6
DA:189,6
DA:191,6
DA:192,6
DA:195,6
DA:197,3
DA:199,3
DA:201,6
DA:202,6
DA:203,3
DA:206,6
DA:214,2
DA:215,2
DA:217,4
DA:219,4
DA:220,0
DA:222,2
DA:223,0
DA:225,2
DA:228,4
DA:235,2
DA:236,2
DA:238,2
DA:239,0
DA:242,6
DA:243,4
DA:244,0
DA:246,2
DA:247,0
DA:249,2
DA:252,4
LF:119
LH:99
end_of_record
TN:
SF:/home/brett/Projects/BrettMayson/hemtt/libs/pbo/src/write.rs
FNF:0
DA:22,2
DA:24,2
DA:25,2
DA:33,1
DA:38,2
DA:39,1
DA:40,1
DA:41,0
DA:43,3
DA:44,2
DA:45,1
DA:53,1
DA:58,2
DA:59,1
DA:66,2
DA:67,2
DA:68,6
DA:69,6
DA:70,2
DA:72,0
DA:77,2
DA:78,2
DA:79,6
DA:80,2
DA:82,2
DA:86,2
DA:87,2
DA:88,6
DA:89,4
DA:90,0
DA:91,4
DA:93,2
DA:97,4
DA:102,8
DA:103,12
DA:107,0
DA:108,0
DA:113,2
DA:114,2
DA:119,0
DA:120,0
DA:130,2
DA:131,2
DA:132,2
DA:133,4
DA:135,2
DA:136,4
DA:137,4
DA:140,6
DA:141,4
DA:142,0
DA:144,2
DA:145,4
DA:148,4
DA:151,2
DA:153,6
DA:154,4
DA:157,4
DA:159,2
DA:161,2
DA:162,4
DA:164,6
DA:165,4
DA:166,2
DA:167,4
DA:168,4
DA:171,4
DA:172,6
DA:174,2
LF:69
LH:61
end_of_record
TN:
SF:/home/brett/Projects/BrettMayson/hemtt/libs/pbo/tests/utils.rs
FN:8,pbo
FN:45,header
FN:64,file
FNF:3
FNDA:2,pbo
FNDA:1,header
FNDA:1,file
DA:8,2
DA:17,2
DA:18,2
DA:19,2
DA:20,2
DA:21,1
DA:22,1
DA:23,1
DA:24,1
DA:25,1
DA:26,1
DA:27,1
DA:31,1
DA:45,1
DA:54,1
DA:55,1
DA:56,1
DA:57,1
DA:58,1
DA:59,1
DA:64,1
DA:65,1
DA:66,1
DA:67,2
DA:68,1
DA:69,1
LF:26
LH:26
end_of_record
TN:
SF:/home/brett/Projects/BrettMayson/hemtt/libs/preprocessor/src/codes/mod.rs
FN:35,similar_values
FN:40,{closure#1}
FNF:2
FNDA:0,similar_values
FNDA:0,{closure#1}
DA:35,0
DA:36,0
DA:38,0
DA:40,0
DA:41,0
DA:42,0
DA:43,0
DA:45,0
LF:8
LH:0
end_of_record
TN:
SF:/home/brett/Projects/BrettMayson/hemtt/libs/preprocessor/src/codes/pe10_function_as_value.rs
FN:15,ident
FN:19,token
FN:23,message
FN:27,label_message
FN:34,help
FN:38,report_generate
FN:94,ci_generate
FNF:7
FNDA:1,ident
FNDA:0,token
FNDA:1,message
FNDA:0,label_message
FNDA:0,help
FNDA:1,report_generate
FNDA:0,ci_generate
DA:15,1
DA:19,0
DA:20,0
DA:23,1
DA:24,1
DA:27,0
DA:28,0
DA:30,0
DA:34,0
DA:35,0
DA:38,1
DA:39,1
DA:40,1
DA:41,1
DA:42,2
DA:44,1
DA:45,1
DA:48,2
DA:49,2
DA:51,2
DA:52,2
DA:53,1
DA:55,1
DA:59,2
DA:60,2
DA:61,2
DA:63,1
DA:68,3
DA:70,2
DA:71,2
DA:78,2
DA:79,2
DA:88,0
DA:89,0
DA:91,1
DA:94,0
DA:95,0
DA:96,0
DA:97,0
DA:98,0
LF:40
LH:26
end_of_record
TN:
SF:/home/brett/Projects/BrettMayson/hemtt/libs/preprocessor/src/codes/pe11_expected_function_or_value.rs
FN:17,ident
FN:21,token
FN:25,message
FN:29,label_message
FN:36,help
FN:43,report_generate
FN:92,ci_generate
FNF:7
FNDA:1,ident
FNDA:0,token
FNDA:1,message
FNDA:0,label_message
FNDA:0,help
FNDA:1,report_generate
FNDA:0,ci_generate
DA:17,1
DA:21,0
DA:22,0
DA:25,1
DA:26,1
DA:29,0
DA:30,0
DA:32,0
DA:36,0
DA:37,0
DA:39,0
DA:43,1
DA:44,1
DA:45,1
DA:46,1
DA:47,2
DA:49,1
DA:50,1
DA:53,2
DA:54,2
DA:56,4
DA:57,1
DA:58,1
DA:59,1
DA:61,0
DA:65,2
DA:66,2
DA:67,1
DA:69,1
DA:75,2
DA:76,1
DA:77,1
DA:86,0
DA:87,0
DA:89,1
DA:92,0
DA:93,0
DA:94,0
DA:95,0
DA:96,0
LF:40
LH:24
end_of_record
TN:
SF:/home/brett/Projects/BrettMayson/hemtt/libs/preprocessor/src/codes/pe12_include_not_found.rs
FN:22,ident
FN:26,message
FN:30,label_message
FN:35,{closure#0}
FN:41,help
FN:45,report_generate
FN:76,ci_generate
FNF:7
FNDA:1,ident
FNDA:1,message
FNDA:0,label_message
FNDA:0,{closure#0}
FNDA:0,help
FNDA:1,report_generate
FNDA:0,ci_generate
DA:14,1
DA:16,3
DA:22,1
DA:26,1
DA:27,1
DA:30,0
DA:31,0
DA:33,0
DA:35,0
DA:41,0
DA:42,0
DA:45,1
DA:46,1
DA:47,1
DA:48,3
DA:49,1
DA:50,1
DA:52,1
DA:53,1
DA:54,1
DA:56,2
DA:57,2
DA:59,3
DA:60,2
DA:65,2
DA:66,1
DA:70,0
DA:71,0
DA:73,1
DA:76,0
DA:77,0
DA:78,0
DA:79,0
DA:86,0
DA:91,0
LF:35
LH:21
end_of_record
TN:
SF:/home/brett/Projects/BrettMayson/hemtt/libs/preprocessor/src/codes/pe13_include_not_encased.rs
FN:15,ident
FN:19,token
FN:23,message
FN:27,label_message
FN:31,help
FN:35,report_generate
FN:94,ci_generate
FNF:7
FNDA:1,ident
FNDA:0,token
FNDA:1,message
FNDA:0,label_message
FNDA:0,help
FNDA:1,report_generate
FNDA:0,ci_generate
DA:15,1
DA:19,0
DA:20,0
DA:23,1
DA:24,1
DA:27,0
DA:28,0
DA:31,0
DA:32,0
DA:35,1
DA:36,1
DA:37,1
DA:38,1
DA:39,2
DA:42,1
DA:43,1
DA:45,1
DA:46,1
DA:47,1
DA:49,2
DA:50,2
DA:52,4
DA:53,2
DA:54,2
DA:55,0
DA:57,0
DA:60,1
DA:62,5
DA:70,1
DA:77,2
DA:78,1
DA:79,1
DA:88,0
DA:89,0
DA:91,1
DA:94,0
DA:95,0
DA:96,0
DA:97,0
DA:98,0
LF:40
LH:25
end_of_record
TN:
SF:/home/brett/Projects/BrettMayson/hemtt/libs/preprocessor/src/codes/pe14_include_unexpected_suffix.rs
FN:13,ident
FN:17,token
FN:21,message
FN:25,label_message
FN:32,help
FN:36,report_generate
FN:73,ci_generate
FNF:7
FNDA:1,ident
FNDA:0,token
FNDA:1,message
FNDA:0,label_message
FNDA:0,help
FNDA:1,report_generate
FNDA:0,ci_generate
DA:13,1
DA:17,0
DA:18,0
DA:21,1
DA:22,1
DA:25,0
DA:26,0
DA:28,0
DA:32,0
DA:33,0
DA:36,1
DA:37,1
DA:38,1
DA:39,1
DA:40,2
DA:42,1
DA:43,1
DA:46,2
DA:47,2
DA:49,3
DA:50,1
DA:56,2
DA:57,1
DA:58,1
DA:67,0
DA:68,0
DA:70,1
DA:73,0
DA:74,0
DA:75,0
DA:76,0
DA:77,0
LF:32
LH:18
end_of_record
TN:
SF:/home/brett/Projects/BrettMayson/hemtt/libs/preprocessor/src/codes/pe15_if_invalid_operator.rs
FN:13,ident
FN:17,message
FN:21,label_message
FN:31,help
FN:35,report_generate
FN:79,ci_generate
FNF:6
FNDA:1,ident
FNDA:1,message
FNDA:0,label_message
FNDA:1,help
FNDA:1,report_generate
FNDA:0,ci_generate
DA:13,1
DA:17,1
DA:18,1
DA:21,0
DA:22,0
DA:24,0
DA:31,1
DA:32,1
DA:35,1
DA:36,1
DA:37,1
DA:38,1
DA:39,3
DA:40,1
DA:42,1
DA:43,1
DA:44,1
DA:46,2
DA:47,2
DA:49,2
DA:50,2
DA:51,1
DA:53,1
DA:56,2
DA:60,2
DA:61,1
DA:62,1
DA:73,0
DA:74,0
DA:76,1
DA:79,0
DA:80,0
DA:81,0
DA:82,0
DA:89,0
DA:94,0
LF:36
LH:25
end_of_record
TN:
SF:/home/brett/Projects/BrettMayson/hemtt/libs/preprocessor/src/codes/pe16_if_incompatible_types.rs
FN:29,{closure#1}
FN:39,ident
FN:43,message
FN:47,label_message
FN:63,help
FN:67,report_generate
FN:154,ci_generate
FNF:7
FNDA:4,{closure#1}
FNDA:1,ident
FNDA:1,message
FNDA:0,label_message
FNDA:0,help
FNDA:1,report_generate
FNDA:0,ci_generate
DA:19,1
DA:25,2
DA:29,4
DA:30,1
DA:39,1
DA:43,1
DA:44,1
DA:47,0
DA:48,0
DA:50,0
DA:55,0
DA:63,0
DA:64,0
DA:67,1
DA:68,1
DA:69,1
DA:70,3
DA:71,1
DA:73,1
DA:74,1
DA:75,1
DA:77,2
DA:78,2
DA:80,5
DA:81,2
DA:82,1
DA:84,2
DA:86,1
DA:87,1
DA:88,3
DA:89,2
DA:90,3
DA:91,1
DA:93,2
DA:97,1
DA:98,0
DA:99,0
DA:100,0
DA:101,0
DA:102,0
DA:104,0
DA:108,1
DA:112,3
DA:114,2
DA:115,2
DA:124,2
DA:125,2
DA:135,2
DA:136,2
DA:148,0
DA:149,0
DA:151,1
DA:154,0
DA:155,0
DA:156,0
DA:157,0
DA:165,0
DA:171,0
LF:58
LH:38
end_of_record
TN:
SF:/home/brett/Projects/BrettMayson/hemtt/libs/preprocessor/src/codes/pe17_double_else.rs
FN:24,ident
FN:28,token
FN:32,message
FN:36,label_message
FN:40,help
FN:44,report_generate
FN:100,ci_generate
FNF:7
FNDA:1,ident
FNDA:0,token
FNDA:1,message
FNDA:0,label_message
FNDA:0,help
FNDA:1,report_generate
FNDA:0,ci_generate
DA:24,1
DA:28,0
DA:29,0
DA:32,1
DA:33,1
DA:36,0
DA:37,0
DA:40,0
DA:41,0
DA:44,1
DA:45,1
DA:46,1
DA:47,1
DA:48,1
DA:49,1
DA:51,1
DA:52,2
DA:53,1
DA:55,2
DA:56,2
DA:58,3
DA:59,2
DA:60,1
DA:62,2
DA:63,3
DA:66,3
DA:67,2
DA:68,1
DA:70,2
DA:71,3
DA:74,3
DA:75,2
DA:76,1
DA:78,2
DA:79,3
DA:81,2
DA:83,2
DA:84,1
DA:85,1
DA:94,0
DA:95,0
DA:97,1
DA:100,0
DA:101,0
DA:102,0
DA:103,0
DA:104,0
LF:47
LH:34
end_of_record
TN:
SF:/home/brett/Projects/BrettMayson/hemtt/libs/preprocessor/src/codes/pe18_eoi_ifstate.rs
FN:19,ident
FN:23,token
FN:27,message
FN:34,label_message
FN:38,help
FN:42,report_generate
FN:83,ci_generate
FNF:7
FNDA:1,ident
FNDA:0,token
FNDA:1,message
FNDA:0,label_message
FNDA:0,help
FNDA:1,report_generate
FNDA:0,ci_generate
DA:19,1
DA:23,0
DA:24,0
DA:27,1
DA:28,0
DA:30,1
DA:34,0
DA:35,0
DA:38,0
DA:39,0
DA:42,1
DA:43,1
DA:44,1
DA:45,1
DA:47,1
DA:48,2
DA:49,1
DA:51,2
DA:52,2
DA:54,3
DA:55,2
DA:56,1
DA:58,2
DA:59,0
DA:61,2
DA:64,2
DA:66,2
DA:67,1
DA:68,1
DA:77,0
DA:78,0
DA:80,1
DA:83,0
DA:84,0
DA:85,0
DA:86,0
DA:87,0
LF:37
LH:22
end_of_record
TN:
SF:/home/brett/Projects/BrettMayson/hemtt/libs/preprocessor/src/codes/pe19_pragma_unknown.rs
FN:19,ident
FN:23,token
FN:27,message
FN:34,label_message
FN:41,help
FN:50,{closure#0}
FN:57,report_generate
FN:101,ci_generate
FNF:8
FNDA:0,ident
FNDA:0,token
FNDA:0,message
FNDA:0,label_message
FNDA:0,help
FNDA:0,{closure#0}
FNDA:0,report_generate
FNDA:0,ci_generate
DA:19,0
DA:23,0
DA:24,0
DA:27,0
DA:28,0
DA:30,0
DA:34,0
DA:35,0
DA:37,0
DA:41,0
DA:42,0
DA:43,0
DA:44,0
DA:46,0
DA:48,0
DA:50,0
DA:57,0
DA:58,0
DA:59,0
DA:60,0
DA:62,0
DA:63,0
DA:64,0
DA:66,0
DA:67,0
DA:69,0
DA:70,0
DA:71,0
DA:73,0
DA:74,0
DA:76,0
DA:79,0
DA:80,0
DA:82,0
DA:84,0
DA:85,0
DA:86,0
DA:95,0
DA:96,0
DA:98,0
DA:101,0
DA:102,0
DA:103,0
DA:104,0
DA:105,0
LF:45
LH:0
end_of_record
TN:
SF:/home/brett/Projects/BrettMayson/hemtt/libs/preprocessor/src/codes/pe1_unexpected_token.rs
FN:15,ident
FN:19,token
FN:23,message
FN:27,label_message
FN:34,help
FN:38,report_generate
FN:60,{closure#0}
FN:84,ci_generate
FNF:8
FNDA:1,ident
FNDA:1,token
FNDA:1,message
FNDA:0,label_message
FNDA:0,help
FNDA:1,report_generate
FNDA:4,{closure#0}
FNDA:0,ci_generate
DA:15,1
DA:19,1
DA:20,1
DA:23,1
DA:24,1
DA:27,0
DA:28,0
DA:30,0
DA:34,0
DA:35,0
DA:38,1
DA:39,1
DA:40,1
DA:41,1
DA:42,2
DA:44,1
DA:45,1
DA:48,2
DA:49,2
DA:51,3
DA:52,1
DA:55,3
DA:56,2
DA:58,4
DA:60,4
DA:65,2
DA:67,2
DA:68,1
DA:69,1
DA:78,0
DA:79,0
DA:81,1
DA:84,0
DA:85,0
DA:86,0
DA:87,0
DA:88,0
LF:37
LH:25
end_of_record
TN:
SF:/home/brett/Projects/BrettMayson/hemtt/libs/preprocessor/src/codes/pe20_pragma_invalid_scope.rs
FN:21,ident
FN:25,token
FN:29,message
FN:36,label_message
FN:43,help
FN:58,{closure#1}
FN:66,{closure#0}
FN:72,report_generate
FN:116,ci_generate
FNF:9
FNDA:0,ident
FNDA:0,token
FNDA:0,message
FNDA:0,label_message
FNDA:0,help
FNDA:0,{closure#1}
FNDA:0,{closure#0}
FNDA:0,report_generate
FNDA:0,ci_generate
DA:21,0
DA:25,0
DA:26,0
DA:29,0
DA:30,0
DA:32,0
DA:36,0
DA:37,0
DA:39,0
DA:43,0
DA:44,0
DA:45,0
DA:47,0
DA:50,0
DA:51,0
DA:52,0
DA:54,0
DA:56,0
DA:58,0
DA:64,0
DA:66,0
DA:69,0
DA:72,0
DA:73,0
DA:74,0
DA:75,0
DA:77,0
DA:78,0
DA:79,0
DA:81,0
DA:82,0
DA:84,0
DA:85,0
DA:86,0
DA:88,0
DA:89,0
DA:91,0
DA:94,0
DA:95,0
DA:97,0
DA:99,0
DA:100,0
DA:101,0
DA:110,0
DA:111,0
DA:113,0
DA:116,0
DA:117,0
DA:118,0
DA:119,0
DA:120,0
LF:51
LH:0
end_of_record
TN:
SF:/home/brett/Projects/BrettMayson/hemtt/libs/preprocessor/src/codes/pe21_pragma_invalid_suppress.rs
FN:21,ident
FN:25,token
FN:29,message
FN:36,label_message
FN:43,help
FN:52,{closure#0}
FN:59,report_generate
FN:103,ci_generate
FNF:8
FNDA:0,ident
FNDA:0,token
FNDA:0,message
FNDA:0,label_message
FNDA:0,help
FNDA:0,{closure#0}
FNDA:0,report_generate
FNDA:0,ci_generate
DA:21,0
DA:25,0
DA:26,0
DA:29,0
DA:30,0
DA:32,0
DA:36,0
DA:37,0
DA:39,0
DA:43,0
DA:44,0
DA:45,0
DA:46,0
DA:48,0
DA:50,0
DA:52,0
DA:59,0
DA:60,0
DA:61,0
DA:62,0
DA:64,0
DA:65,0
DA:66,0
DA:68,0
DA:69,0
DA:71,0
DA:72,0
DA:73,0
DA:75,0
DA:76,0
DA:78,0
DA:81,0
DA:82,0
DA:84,0
DA:86,0
DA:87,0
DA:88,0
DA:97,0
DA:98,0
DA:100,0
DA:103,0
DA:104,0
DA:105,0
DA:106,0
DA:107,0
LF:45
LH:0
end_of_record
TN:
SF:/home/brett/Projects/BrettMayson/hemtt/libs/preprocessor/src/codes/pe22_pragma_invalid_flag.rs
FN:21,ident
FN:25,token
FN:29,message
[...]
DA:25,16
DA:26,2
DA:27,0
DA:28,0
DA:30,2
DA:31,3
DA:32,9
DA:36,3
DA:37,1
DA:38,0
DA:40,4
DA:41,6
DA:42,9
LF:20
LH:17
end_of_record
TN:
SF:/home/brett/Projects/BrettMayson/hemtt/libs/preprocessor/tests/warnings.rs
FN:11,{closure#0}
FN:18,check
FNF:2
FNDA:6,{closure#0}
FNDA:2,check
DA:11,6
DA:12,2
DA:18,2
DA:19,2
DA:20,4
DA:22,2
DA:24,4
DA:25,2
DA:26,1
DA:27,1
DA:28,1
DA:29,3
DA:33,1
DA:39,2
DA:40,0
DA:42,1
DA:43,2
DA:44,3
DA:47,0
DA:48,0
DA:51,0
LF:21
LH:17
end_of_record
TN:
SF:/home/brett/Projects/BrettMayson/hemtt/libs/signing/src/error.rs
FN:52,from
FN:58,from
FNF:2
FNDA:0,from
FNDA:0,from
DA:52,0
DA:53,0
DA:58,0
DA:59,0
LF:4
LH:0
end_of_record
TN:
SF:/home/brett/Projects/BrettMayson/hemtt/libs/signing/src/lib.rs
FN:37,display_hashes
FN:85,generate_hashes<std::fs::File>
FN:123,pad_hash
FNF:3
FNDA:1,display_hashes
FNDA:2,generate_hashes<std::fs::File>
FNDA:2,pad_hash
DA:31,2
DA:32,2
DA:33,2
DA:34,2
DA:37,1
DA:38,1
DA:39,1
DA:41,2
DA:42,0
DA:45,1
DA:46,1
DA:48,2
DA:49,2
DA:51,0
DA:85,2
DA:90,2
DA:91,2
DA:93,2
DA:94,4
DA:95,4
DA:96,2
DA:97,2
DA:98,2
DA:101,6
DA:103,2
DA:104,2
DA:105,2
DA:106,2
DA:107,4
DA:108,2
DA:109,2
DA:112,6
DA:114,2
DA:115,2
DA:116,2
DA:117,2
DA:123,2
DA:124,2
DA:125,2
DA:126,2
DA:127,2
DA:128,2
DA:130,2
LF:43
LH:41
end_of_record
TN:
SF:/home/brett/Projects/BrettMayson/hemtt/libs/signing/src/private.rs
FNF:0
DA:37,1
DA:38,1
DA:39,2
DA:40,3
DA:41,2
DA:42,1
DA:43,0
DA:45,1
DA:46,1
DA:48,2
DA:49,2
DA:50,1
DA:51,1
DA:52,2
DA:53,2
DA:54,1
DA:55,2
DA:61,2
DA:63,2
DA:64,2
DA:65,2
DA:66,2
DA:74,1
DA:75,1
DA:76,2
DA:77,2
DA:78,2
DA:79,2
DA:80,2
DA:82,2
DA:83,0
DA:86,0
DA:87,1
DA:88,2
DA:89,2
DA:92,0
DA:93,1
DA:94,2
DA:95,2
DA:98,0
DA:99,1
DA:100,2
DA:101,2
DA:104,0
DA:105,1
DA:106,2
DA:107,2
DA:110,0
DA:111,1
DA:112,2
DA:113,2
DA:116,0
DA:117,1
DA:118,2
DA:119,2
DA:122,0
DA:123,1
DA:124,2
DA:125,2
DA:128,0
DA:129,1
DA:130,3
DA:131,2
DA:134,1
DA:135,1
DA:136,0
DA:137,1
DA:138,1
DA:139,1
DA:140,1
DA:141,1
DA:142,1
DA:143,1
DA:144,1
DA:152,2
DA:157,2
DA:159,2
DA:160,2
DA:161,2
DA:163,2
DA:164,0
DA:165,2
DA:166,2
DA:167,2
DA:168,2
DA:169,2
DA:170,2
DA:171,2
DA:182,1
DA:183,1
DA:184,2
DA:185,1
DA:186,1
DA:187,1
DA:188,1
DA:190,1
DA:192,1
DA:194,1
DA:196,1
DA:198,1
DA:200,1
DA:202,2
DA:204,1
LF:103
LH:91
end_of_record
TN:
SF:/home/brett/Projects/BrettMayson/hemtt/libs/signing/src/public.rs
FNF:0
DA:22,1
DA:23,1
DA:28,1
DA:29,1
DA:34,1
DA:35,1
DA:40,1
DA:41,1
DA:46,0
DA:47,0
DA:48,0
DA:49,0
DA:50,0
DA:51,0
DA:53,0
DA:55,0
DA:62,2
DA:63,2
DA:64,4
DA:65,2
DA:66,2
DA:67,2
DA:68,2
DA:69,4
DA:70,2
DA:80,1
DA:81,1
DA:82,2
DA:83,2
DA:84,2
DA:85,2
DA:86,2
DA:87,2
DA:89,1
DA:91,1
DA:92,3
DA:93,2
DA:95,1
DA:96,1
DA:97,0
DA:98,1
DA:99,1
DA:107,1
DA:112,1
DA:113,0
DA:114,0
DA:115,0
DA:119,1
DA:120,0
DA:123,2
DA:124,0
DA:126,2
DA:128,2
DA:129,0
DA:130,0
DA:133,2
DA:134,0
DA:135,0
DA:138,2
DA:139,0
DA:140,0
DA:143,1
LF:62
LH:42
end_of_record
TN:
SF:/home/brett/Projects/BrettMayson/hemtt/libs/signing/src/signature.rs
FNF:0
DA:26,1
DA:27,1
DA:32,1
DA:33,1
DA:38,1
DA:39,1
DA:44,1
DA:45,1
DA:50,1
DA:51,1
DA:56,1
DA:57,1
DA:58,2
DA:59,2
DA:60,1
DA:61,1
DA:63,2
DA:65,1
DA:70,1
DA:71,1
DA:76,1
DA:77,1
DA:79,1
DA:80,2
DA:81,2
DA:89,2
DA:90,2
DA:91,4
DA:92,2
DA:93,2
DA:94,2
DA:95,2
DA:96,2
DA:97,2
DA:98,2
DA:99,2
DA:100,2
DA:101,2
DA:102,2
DA:103,4
DA:104,2
DA:114,2
DA:115,2
DA:116,4
DA:117,4
DA:118,4
DA:119,4
DA:120,4
DA:121,4
DA:123,2
DA:125,2
DA:126,4
DA:127,4
DA:129,4
DA:131,4
DA:132,4
DA:133,4
DA:135,4
DA:136,0
DA:137,2
DA:138,0
DA:139,0
DA:143,2
DA:145,4
DA:146,4
DA:147,4
DA:149,4
DA:151,4
DA:152,6
DA:153,4
DA:155,2
DA:156,2
DA:157,2
DA:158,0
DA:159,2
DA:160,2
DA:161,2
DA:162,2
DA:163,2
LF:79
LH:75
end_of_record
TN:
SF:/home/brett/Projects/BrettMayson/hemtt/libs/sqf/src/analyze/codes/sae1_require_version.rs
FN:35,ident
FN:39,message
FN:46,label_message
FN:50,help
FN:54,report_generate_processed
FN:103,{closure#0}
FN:117,ci_generate_processed
FNF:7
FNDA:0,ident
FNDA:0,message
FNDA:0,label_message
FNDA:0,help
FNDA:0,report_generate_processed
FNDA:0,{closure#0}
FNDA:0,ci_generate_processed
DA:17,0
DA:35,0
DA:39,0
DA:40,0
DA:46,0
DA:47,0
DA:50,0
DA:51,0
DA:54,0
DA:55,0
DA:56,0
DA:57,0
DA:58,0
DA:59,0
DA:60,0
DA:62,0
DA:63,0
DA:64,0
DA:66,0
DA:67,0
DA:68,0
DA:69,0
DA:70,0
DA:71,0
DA:73,0
DA:74,0
DA:75,0
DA:76,0
DA:77,0
DA:79,0
DA:81,0
DA:83,0
DA:85,0
DA:86,0
DA:88,0
DA:89,0
DA:91,0
DA:93,0
DA:96,0
DA:99,0
DA:100,0
DA:103,0
DA:104,0
DA:105,0
DA:106,0
DA:107,0
DA:109,0
DA:114,0
DA:117,0
DA:118,0
DA:119,0
DA:120,0
DA:121,0
DA:122,0
DA:123,0
LF:55
LH:0
end_of_record
TN:
SF:/home/brett/Projects/BrettMayson/hemtt/libs/sqf/src/analyze/mod.rs
FN:37,analyze
FNF:1
FNDA:1,analyze
DA:37,1
DA:45,1
DA:46,1
LF:3
LH:3
end_of_record
TN:
SF:/home/brett/Projects/BrettMayson/hemtt/libs/sqf/src/analyze/statements.rs
FN:15,valid
FN:19,warnings
FN:29,errors
FN:46,required_version
FNF:4
FNDA:0,valid
FNDA:1,warnings
FNDA:1,errors
FNDA:1,required_version
DA:15,0
DA:19,1
DA:26,1
DA:29,1
DA:36,1
DA:37,1
DA:38,2
DA:42,1
DA:46,1
DA:51,1
DA:53,2
DA:54,1
DA:56,1
DA:57,2
DA:58,2
DA:59,0
DA:60,0
DA:61,0
DA:63,0
DA:64,0
DA:65,0
DA:69,1
LF:22
LH:15
end_of_record
TN:
SF:/home/brett/Projects/BrettMayson/hemtt/libs/sqf/src/compiler/mod.rs
FN:41,{closure#0}
FN:81,location_to_source
FN:139,push_constant
FN:279,try_normalize_name
FNF:4
FNDA:12,{closure#0}
FNDA:4,location_to_source
FNDA:4,push_constant
FNDA:4,try_normalize_name
DA:25,3
DA:27,4
DA:28,3
DA:30,7
DA:31,6
DA:32,6
DA:33,6
DA:36,3
DA:37,6
DA:38,14
DA:41,12
DA:50,3
DA:55,13
DA:58,4
DA:63,5
DA:64,18
DA:65,16
DA:68,7
DA:69,3
DA:70,4
DA:81,4
DA:82,4
DA:84,6
DA:85,20
DA:92,6
DA:97,6
DA:103,6
DA:104,6
DA:105,3
DA:106,3
DA:107,6
DA:108,3
DA:110,3
DA:113,4
DA:114,3
DA:115,6
DA:116,3
DA:118,3
DA:121,3
DA:122,11
DA:126,3
DA:131,6
DA:137,6
DA:138,4
DA:139,4
DA:144,4
DA:145,4
DA:146,2
DA:147,8
DA:149,2
DA:150,2
DA:151,2
DA:158,9
DA:160,3
DA:162,4
DA:164,5
DA:165,2
DA:166,4
DA:169,0
DA:170,7
DA:171,3
DA:174,4
DA:176,4
DA:179,1
DA:180,2
DA:181,1
DA:183,1
DA:186,3
DA:187,6
DA:188,6
DA:189,3
DA:191,3
DA:194,3
DA:195,6
DA:196,13
DA:197,6
DA:198,4
DA:200,3
DA:203,4
DA:204,8
DA:205,4
DA:207,4
DA:216,4
DA:219,7
DA:224,10
DA:225,6
DA:226,6
DA:228,2
DA:229,3
DA:230,1
DA:231,9
DA:233,9
DA:234,0
DA:236,1
DA:237,1
DA:238,3
DA:242,2
DA:246,1
DA:248,5
DA:270,4
DA:271,5
DA:274,4
DA:275,4
DA:279,4
DA:280,4
DA:281,13
DA:282,4
DA:284,0
DA:288,7
DA:289,31
DA:291,24
DA:292,20
DA:293,17
DA:294,9
DA:295,0
DA:298,0
LF:116
LH:111
end_of_record
TN:
SF:/home/brett/Projects/BrettMayson/hemtt/libs/sqf/src/compiler/serializer/display.rs
FNF:0
DA:8,0
DA:9,0
DA:20,0
DA:21,0
DA:22,0
DA:23,0
DA:25,0
DA:26,0
DA:27,0
DA:28,0
DA:29,0
DA:31,0
DA:32,0
DA:33,0
DA:34,0
DA:36,0
DA:39,0
DA:40,0
DA:41,0
DA:42,0
DA:43,0
DA:44,0
DA:45,0
DA:46,0
DA:48,0
DA:49,0
DA:53,0
DA:56,0
DA:68,0
DA:69,0
DA:70,0
DA:71,0
DA:72,0
DA:74,0
DA:75,0
DA:76,0
DA:77,0
DA:79,0
DA:81,0
DA:82,0
DA:84,0
DA:85,0
DA:86,0
DA:87,0
DA:88,0
DA:89,0
DA:90,0
DA:91,0
DA:94,0
DA:95,0
DA:96,0
DA:97,0
DA:99,0
DA:102,0
DA:106,0
LF:55
LH:0
end_of_record
TN:
SF:/home/brett/Projects/BrettMayson/hemtt/libs/sqf/src/compiler/serializer/mod.rs
FN:299,eq
FN:428,{closure#0}<&mut alloc::vec::Vec<u8, alloc::alloc::Global>>
FN:442,{closure#1}<&mut alloc::vec::Vec<u8, alloc::alloc::Global>>
FN:568,serialize_compress<hemtt_sqf::compiler::serializer::{impl#7}::serialize::{closure_env#1}<&mut alloc::vec::Vec<u8, alloc::alloc::Global>>, &mut alloc::vec::Vec<u8, alloc::alloc::Global>>
FN:577,serialize_compress_buffer<&alloc::vec::Vec<u8, alloc::alloc::Global>, &mut alloc::vec::Vec<u8, alloc::alloc::Global>>
FN:592,serialize_string<alloc::vec::Vec<u8, alloc::alloc::Global>>
FN:661,try_truncate_or<u16>
FNF:7
FNDA:3,eq
FNDA:12,{closure#0}<&mut alloc::vec::Vec<u8, alloc::alloc::Global>>
FNDA:13,{closure#1}<&mut alloc::vec::Vec<u8, alloc::alloc::Global>>
FNDA:11,serialize_compress<hemtt_sqf::compiler::serializer::{impl#7}::serialize::{closure_env#1}<&mut alloc::vec::Vec<u8, alloc::alloc::Global>>, &mut alloc::vec::Vec<u8, alloc::alloc::Global>>
FNDA:6,serialize_compress_buffer<&alloc::vec::Vec<u8, alloc::alloc::Global>, &mut alloc::vec::Vec<u8, alloc::alloc::Global>>
FNDA:9,serialize_string<alloc::vec::Vec<u8, alloc::alloc::Global>>
FNDA:12,try_truncate_or<u16>
DA:31,6
DA:32,6
DA:33,4
DA:34,10
DA:35,4
DA:81,0
DA:82,0
DA:83,0
DA:84,0
DA:85,0
DA:86,0
DA:87,0
DA:88,0
DA:89,0
DA:90,0
DA:91,0
DA:96,6
DA:97,6
DA:98,4
DA:99,3
DA:100,4
DA:101,1
DA:102,3
DA:103,3
DA:104,3
DA:105,4
DA:114,6
DA:115,6
DA:117,26
DA:119,4
DA:120,4
DA:121,4
DA:123,5
DA:129,3
DA:130,6
DA:131,4
DA:133,4
DA:134,4
DA:135,10
DA:139,6
DA:176,0
DA:189,4
DA:190,9
DA:191,8
DA:193,5
DA:194,18
DA:195,11
DA:198,3
DA:229,0
DA:237,4
DA:238,5
DA:239,4
DA:240,3
DA:241,3
DA:242,1
DA:243,0
DA:244,1
DA:253,5
DA:254,5
DA:256,4
DA:257,4
DA:258,5
DA:260,3
DA:261,4
DA:263,3
DA:264,3
DA:266,1
DA:267,1
DA:269,0
DA:270,0
DA:271,0
DA:272,0
DA:273,0
DA:276,1
DA:277,5
DA:281,3
DA:299,3
DA:300,6
DA:301,1
DA:302,3
DA:303,2
DA:304,2
DA:306,0
DA:307,0
DA:308,1
DA:309,1
DA:311,3
DA:338,0
DA:339,0
DA:340,0
DA:341,0
DA:342,0
DA:343,0
DA:344,0
DA:345,0
DA:346,0
DA:377,0
DA:378,0
DA:383,4
DA:384,8
DA:385,0
DA:387,4
DA:391,4
DA:392,12
DA:393,0
DA:395,4
DA:400,0
DA:401,0
DA:402,0
DA:403,0
DA:408,0
DA:409,0
DA:413,0
DA:414,0
DA:422,6
DA:424,6
DA:427,12
DA:428,12
DA:430,6
DA:431,6
DA:432,18
DA:433,12
DA:436,7
DA:439,5
DA:441,9
DA:442,13
DA:445,0
DA:446,0
DA:450,6
DA:451,6
DA:453,3
DA:454,9
DA:455,3
DA:459,7
DA:460,13
DA:462,4
DA:465,5
DA:466,5
DA:468,4
DA:469,14
DA:470,8
DA:473,4
DA:568,11
DA:572,11
DA:573,30
DA:574,10
DA:577,6
DA:578,13
DA:580,7
DA:581,13
DA:582,6
DA:583,12
DA:584,9
DA:586,9
DA:588,15
DA:589,4
DA:592,9
DA:593,9
DA:594,9
DA:595,0
DA:598,9
DA:599,19
DA:600,9
DA:661,12
DA:665,13
LF:165
LH:120
end_of_record
TN:
SF:/home/brett/Projects/BrettMayson/hemtt/libs/sqf/src/lib.rs
FN:51,extract_expression
FN:113,from
FNF:2
FNDA:1,extract_expression
FNDA:0,from
DA:29,3
DA:30,3
DA:34,0
DA:35,0
DA:40,0
DA:42,0
DA:49,1
DA:51,1
DA:55,1
DA:56,0
DA:57,0
DA:58,0
DA:59,0
DA:61,1
DA:62,2
DA:63,3
DA:64,0
DA:65,0
DA:66,0
DA:68,0
DA:71,1
DA:72,2
DA:73,3
DA:74,4
DA:75,0
DA:76,1
DA:77,0
DA:78,0
DA:79,0
DA:80,0
DA:82,0
DA:85,1
DA:86,1
DA:87,2
DA:89,1
DA:92,1
DA:93,1
DA:94,1
DA:95,4
DA:96,4
DA:97,1
DA:101,0
DA:102,0
DA:103,0
DA:104,0
DA:108,1
DA:113,0
DA:116,0
DA:148,1
DA:149,1
DA:153,1
DA:154,1
DA:170,3
DA:171,3
DA:172,3
DA:173,0
DA:174,0
DA:175,0
DA:211,4
DA:212,3
DA:213,3
DA:214,0
DA:215,0
DA:216,2
DA:217,0
DA:218,0
DA:219,0
DA:220,0
DA:221,0
DA:222,0
DA:223,0
DA:224,3
DA:225,0
DA:226,0
DA:227,0
DA:228,1
DA:229,1
DA:230,0
DA:231,0
DA:232,0
DA:233,1
DA:234,0
DA:235,1
LF:83
LH:40
end_of_record
TN:
SF:/home/brett/Projects/BrettMayson/hemtt/libs/sqf/src/misc.rs
FNF:0
DA:11,0
DA:12,0
DA:13,0
DA:14,0
DA:16,0
DA:19,0
LF:6
LH:0
end_of_record
TN:
SF:/home/brett/Projects/BrettMayson/hemtt/libs/sqf/src/parser/codes/spe1_unparseable.rs
FN:19,ident
FN:23,message
FN:27,label_message
FN:31,help
FN:35,report_generate_processed
FN:60,ci_generate_processed
FNF:6
FNDA:1,ident
FNDA:1,message
FNDA:1,label_message
FNDA:0,help
FNDA:1,report_generate_processed
FNDA:0,ci_generate_processed
DA:12,1
DA:19,1
DA:23,1
DA:24,1
DA:27,1
DA:28,1
DA:31,0
DA:32,0
DA:35,1
DA:36,1
DA:37,1
DA:38,1
DA:39,1
DA:40,1
DA:41,2
DA:43,1
DA:44,1
DA:45,1
DA:47,2
DA:48,2
DA:50,4
DA:51,2
DA:52,1
DA:55,2
DA:57,1
DA:60,0
DA:61,0
DA:62,0
DA:63,0
DA:64,0
DA:65,0
DA:66,0
LF:32
LH:23
end_of_record
TN:
SF:/home/brett/Projects/BrettMayson/hemtt/libs/sqf/src/parser/database/mod.rs
FN:132,{closure#0}
FN:137,default
FN:180,is_constant_command
FN:188,is_special_command
FN:194,is_operator_command
FN:200,is_valid_name
FN:203,{closure#0}
FN:208,is_valid_command
FN:212,is_in
FN:216,load_wiki
FN:218,{closure#0}
FN:222,{closure#1}
FNF:12
FNDA:2,{closure#0}
FNDA:6,default
FNDA:1,is_constant_command
FNDA:6,is_special_command
FNDA:4,is_operator_command
FNDA:4,is_valid_name
FNDA:9,{closure#0}
FNDA:4,is_valid_command
FNDA:6,is_in
FNDA:11,load_wiki
FNDA:0,{closure#0}
FNDA:5,{closure#1}
DA:57,0
DA:59,0
DA:60,0
DA:61,0
DA:62,0
DA:66,0
DA:67,0
DA:68,0
DA:72,0
DA:73,0
DA:74,0
DA:78,0
DA:79,0
DA:80,0
DA:85,5
DA:86,7
DA:90,4
DA:91,5
DA:95,3
DA:96,3
DA:100,7
DA:101,8
DA:102,19
DA:103,15
DA:104,5
DA:108,0
DA:113,0
DA:114,0
DA:118,0
DA:119,0
DA:123,0
DA:124,0
DA:128,1
DA:129,1
DA:132,2
DA:137,6
DA:138,7
DA:139,5
DA:140,9
DA:142,11
DA:144,16
DA:145,10
DA:146,8
DA:148,9
DA:151,8
DA:154,9
DA:160,12
DA:161,13
DA:163,23
DA:164,9
DA:180,1
DA:181,1
DA:188,6
DA:189,4
DA:194,4
DA:195,3
DA:200,4
DA:201,5
DA:203,9
DA:208,4
DA:209,4
DA:212,6
DA:213,14
DA:216,11
DA:217,11
DA:218,0
DA:219,0
DA:220,0
DA:222,5
DA:223,10
DA:224,0
DA:226,5
LF:72
LH:47
end_of_record
TN:
SF:/home/brett/Projects/BrettMayson/hemtt/libs/sqf/src/parser/lexer.rs
FN:14,strip_comments
FN:15,{closure#0}
FN:18,strip_noop
FN:136,run<&str>
FN:140,lexer
FN:141,{closure#0}
FN:143,{closure#1}
FN:149,base
FN:167,comment
FN:174,multi_line_comment
FN:176,{closure#0}
FN:181,single_line_comment
FN:184,{closure#0}
FN:187,newline
FN:192,number
FN:196,{closure#0}
FN:197,{closure#1}
FN:202,number_hex
FN:208,{closure#0}
FN:212,number_int
FN:220,number_float_exponent
FN:233,number_float_basic
FN:243,number_digits
FN:247,string
FN:255,operator
FN:279,control
FN:293,error_map<f32, core::num::dec2flt::ParseFloatError, char>
FNF:27
FNDA:4,strip_comments
FNDA:16,{closure#0}
FNDA:7,strip_noop
FNDA:8,run<&str>
FNDA:4,lexer
FNDA:45,{closure#0}
FNDA:9,{closure#1}
FNDA:12,base
FNDA:11,comment
FNDA:12,multi_line_comment
FNDA:0,{closure#0}
FNDA:12,single_line_comment
FNDA:0,{closure#0}
FNDA:12,newline
FNDA:12,number
FNDA:12,{closure#0}
FNDA:22,{closure#1}
FNDA:12,number_hex
FNDA:0,{closure#0}
FNDA:12,number_int
FNDA:12,number_float_exponent
FNDA:12,number_float_basic
FNDA:12,number_digits
FNDA:12,string
FNDA:12,operator
FNDA:12,control
FNDA:5,error_map<f32, core::num::dec2flt::ParseFloatError, char>
DA:14,4
DA:15,16
DA:18,7
DA:19,8
DA:20,21
DA:21,9
DA:22,13
DA:23,14
DA:26,6
DA:64,0
DA:65,0
DA:66,0
DA:67,0
DA:68,0
DA:69,0
DA:70,0
DA:71,0
DA:72,0
DA:73,0
DA:107,0
DA:108,0
DA:109,0
DA:110,0
DA:111,0
DA:112,0
DA:113,0
DA:114,0
DA:115,0
DA:116,0
DA:117,0
DA:118,0
DA:119,0
DA:120,0
DA:121,0
DA:122,0
DA:123,0
DA:124,0
DA:125,0
DA:126,0
DA:127,0
DA:136,8
DA:137,33
DA:140,4
DA:141,45
DA:142,12
DA:143,9
DA:145,12
DA:146,24
DA:149,12
DA:150,12
DA:151,12
DA:152,12
DA:156,12
DA:157,24
DA:159,12
DA:160,24
DA:161,12
DA:162,12
DA:167,11
DA:168,12
DA:169,11
DA:170,12
DA:174,12
DA:175,12
DA:176,0
DA:177,0
DA:181,12
DA:182,24
DA:183,12
DA:184,0
DA:187,12
DA:188,12
DA:192,12
DA:193,12
DA:194,12
DA:195,12
DA:196,12
DA:197,22
DA:202,12
DA:203,12
DA:204,36
DA:205,12
DA:206,12
DA:208,0
DA:212,12
DA:213,12
DA:220,12
DA:221,72
DA:222,12
DA:224,12
DA:225,12
DA:226,12
DA:227,12
DA:233,12
DA:234,36
DA:236,12
DA:237,12
DA:243,12
DA:244,12
DA:247,12
DA:248,12
DA:249,36
DA:250,12
DA:251,12
DA:255,12
DA:256,12
DA:257,12
DA:258,12
DA:259,12
DA:260,12
DA:261,12
DA:262,12
DA:263,12
DA:264,12
DA:265,12
DA:266,12
DA:267,12
DA:268,12
DA:269,12
DA:270,12
DA:271,12
DA:272,12
DA:273,12
DA:274,12
DA:275,12
DA:279,12
DA:280,12
DA:281,12
DA:282,12
DA:283,12
DA:284,12
DA:285,12
DA:286,12
DA:287,12
DA:288,12
DA:293,5
DA:298,3
LF:137
LH:102
end_of_record
TN:
SF:/home/brett/Projects/BrettMayson/hemtt/libs/sqf/src/parser/mod.rs
FN:21,run
FN:43,run_for_tokens<alloc::vec::Vec<(hemtt_sqf::parser::lexer::Token, core::ops::range::Range<usize>), alloc::alloc::Global>>
FN:56,parser
FN:61,statements
FN:63,{closure#0}
FN:101,{closure#0}
FN:104,{closure#1}
FN:108,{closure#2}
FN:197,{closure#1}
FN:199,{closure#2}
FN:210,{closure#3}
FN:217,apply_binary_command<chumsky::BoxedParser<hemtt_sqf::parser::lexer::Token, hemtt_sqf::Expression, chumsky::error::Simple<hemtt_sqf::parser::lexer::Token, core::ops::range::Range<usize>>>, hemtt_sqf::parser::statements::{closure#0}::{closure#0}::{closure_env#2}, chumsky::primitive::FilterMap<hemtt_sqf::parser::statements::{closure#0}::{closure#0}::{closure_env#8}, chumsky::error::Simple<hemtt_sqf::parser::lexer::Token, core::ops::range::Range<usize>>>>
FN:225,{closure#0}<chumsky::BoxedParser<hemtt_sqf::parser::lexer::Token, hemtt_sqf::Expression, chumsky::error::Simple<hemtt_sqf::parser::lexer::Token, core::ops::range::Range<usize>>>, hemtt_sqf::parser::statements::{closure#0}::{closure#0}::{closure_env#2}, chumsky::primitive::FilterMap<hemtt_sqf::parser::statements::{closure#0}::{closure#0}::{closure_env#6}, chumsky::error::Simple<hemtt_sqf::parser::lexer::Token, core::ops::range::Range<usize>>>>
FN:231,unary_command
FN:243,binary_command
FN:253,variable
FN:258,keyword
FNF:17
FNDA:4,run
FNDA:9,run_for_tokens<alloc::vec::Vec<(hemtt_sqf::parser::lexer::Token, core::ops::range::Range<usize>), alloc::alloc::Global>>
FNDA:9,parser
FNDA:9,statements
FNDA:15,{closure#0}
FNDA:7,{closure#0}
FNDA:6,{closure#1}
FNDA:12,{closure#2}
FNDA:11,{closure#1}
FNDA:7,{closure#2}
FNDA:10,{closure#3}
FNDA:63,apply_binary_command<chumsky::BoxedParser<hemtt_sqf::parser::lexer::Token, hemtt_sqf::Expression, chumsky::error::Simple<hemtt_sqf::parser::lexer::Token, core::ops::range::Range<usize>>>, hemtt_sqf::parser::statements::{closure#0}::{closure#0}::{closure_env#2}, chumsky::primitive::FilterMap<hemtt_sqf::parser::statements::{closure#0}::{closure#0}::{closure_env#8}, chumsky::error::Simple<hemtt_sqf::parser::lexer::Token, core::ops::range::Range<usize>>>>
FNDA:20,{closure#0}<chumsky::BoxedParser<hemtt_sqf::parser::lexer::Token, hemtt_sqf::Expression, chumsky::error::Simple<hemtt_sqf::parser::lexer::Token, core::ops::range::Range<usize>>>, hemtt_sqf::parser::statements::{closure#0}::{closure#0}::{closure_env#2}, chumsky::primitive::FilterMap<hemtt_sqf::parser::statements::{closure#0}::{closure#0}::{closure_env#6}, chumsky::error::Simple<hemtt_sqf::parser::lexer::Token, core::ops::range::Range<usize>>>>
FNDA:9,unary_command
FNDA:9,binary_command
FNDA:6,variable
FNDA:9,keyword
DA:21,4
DA:22,10
DA:23,6
DA:24,5
DA:25,7
DA:26,1
DA:27,2
DA:28,2
DA:29,1
DA:32,1
DA:34,6
DA:35,3
DA:43,9
DA:51,15
DA:52,7
DA:53,3
DA:56,9
DA:57,6
DA:61,9
DA:62,15
DA:63,15
DA:64,15
DA:65,3
DA:66,3
DA:70,13
DA:71,11
DA:72,11
DA:73,1
DA:77,9
DA:78,15
DA:79,33
DA:80,6
DA:81,18
DA:84,18
DA:86,15
DA:87,15
DA:88,15
DA:90,15
DA:91,6
DA:92,18
DA:93,6
DA:94,6
DA:96,15
DA:97,9
DA:100,24
DA:101,7
DA:103,6
DA:104,6
DA:105,4
DA:108,12
DA:111,15
DA:112,15
DA:116,15
DA:117,15
DA:121,9
DA:122,9
DA:124,6
DA:125,1
DA:126,1
DA:127,0
DA:128,6
DA:129,7
DA:134,9
DA:135,9
DA:137,6
DA:138,2
DA:139,0
DA:140,7
DA:141,5
DA:146,15
DA:147,15
DA:151,6
DA:154,6
DA:155,6
DA:157,9
DA:158,2
DA:159,0
DA:160,0
DA:161,0
DA:162,0
DA:163,0
DA:164,0
DA:169,6
DA:170,6
DA:172,9
DA:173,0
DA:174,0
DA:179,6
DA:180,6
DA:182,9
DA:183,0
DA:184,0
DA:188,6
DA:192,24
DA:193,12
DA:194,18
DA:195,24
DA:197,11
DA:198,6
DA:199,7
DA:200,7
DA:201,2
DA:203,3
DA:206,30
DA:207,18
DA:208,12
DA:210,10
DA:211,5
DA:212,4
DA:217,63
DA:222,120
DA:223,246
DA:224,114
DA:225,20
DA:226,11
DA:231,9
DA:234,6
DA:235,0
DA:236,0
DA:237,0
DA:238,9
DA:243,9
DA:246,6
DA:247,0
DA:248,6
DA:253,6
DA:254,24
DA:258,9
DA:259,19
LF:129
LH:113
end_of_record
TN:
SF:/home/brett/Projects/BrettMayson/hemtt/libs/sqf/tests/errors.rs
FN:12,{closure#0}
FN:19,errors
FN:39,{closure#0}
FNF:3
FNDA:3,{closure#0}
FNDA:1,errors
FNDA:3,{closure#0}
DA:12,3
DA:13,1
DA:19,1
DA:20,1
DA:21,2
DA:23,1
DA:25,2
DA:26,2
DA:27,1
DA:28,3
DA:30,0
DA:32,1
DA:33,3
DA:37,3
DA:39,3
DA:42,1
DA:43,0
DA:45,2
LF:18
LH:16
end_of_record
TN:
SF:/home/brett/Projects/BrettMayson/hemtt/libs/sqf/tests/preprocessor.rs
FN:12,{closure#0}
FN:19,preprocess
FNF:2
FNDA:3,{closure#0}
FNDA:1,preprocess
DA:12,3
DA:13,1
DA:19,1
DA:20,3
DA:21,1
DA:22,1
DA:24,1
DA:25,2
DA:27,1
DA:28,1
DA:31,1
DA:32,1
DA:33,1
DA:34,2
LF:14
LH:14
end_of_record
TN:
SF:/home/brett/Projects/BrettMayson/hemtt/libs/sqf/tests/simple.rs
FN:12,{closure#0}
FN:19,simple
FNF:2
FNDA:27,{closure#0}
FNDA:9,simple
DA:12,27
DA:13,9
DA:19,9
DA:20,27
DA:21,9
DA:22,9
DA:24,9
DA:25,11
DA:26,2
DA:27,3
DA:28,1
DA:29,0
DA:30,0
DA:31,0
DA:33,0
DA:35,0
DA:37,3
DA:38,1
DA:39,4
DA:40,1
DA:42,2
DA:43,12
LF:22
LH:17
end_of_record
